{"name": "test_unclok", "status": "broken", "statusDetails": {"message": "selenium.common.exceptions.TimeoutException: Message:", "trace": "self = <testcases.testLock.test_lock.TestClok object at 0x00D76690>\nsetup_fixture = <businessPage.clok_page.ClokUnclok object at 0x00D76250>\n\n    @pytest.mark.usefixtures('back_fixture')\n    def test_unclok(self,setup_fixture):\n        clokunclok = setup_fixture\n>       res = clokunclok.unclok_confirm()\n\ntestLock\\test_lock.py:28: \n_ _ _ _ _ _ _ _ _ _ _ _ _ _ _ _ _ _ _ _ _ _ _ _ _ _ _ _ _ _ _ _ _ _ _ _ _ _ _ _\n..\\businessPage\\clok_page.py:71: in unclok_confirm\n    self.confirm()\n..\\common\\common_fun.py:380: in confirm\n    raise e\n..\\common\\common_fun.py:375: in confirm\n    self.get_clickable_element(self.cofirmbtn,\"confirm确认按钮\")\n..\\common\\common_fun.py:276: in get_clickable_element\n    raise e\n..\\common\\common_fun.py:270: in get_clickable_element\n    ele = WebDriverWait(self.driver,timeout,0.5).until(EC.element_to_be_clickable(loc))\n_ _ _ _ _ _ _ _ _ _ _ _ _ _ _ _ _ _ _ _ _ _ _ _ _ _ _ _ _ _ _ _ _ _ _ _ _ _ _ _\n\nself = <selenium.webdriver.support.wait.WebDriverWait (session=\"0e7b83d5-90bd-4243-ba0f-6351e0c81c1e\")>\nmethod = <selenium.webdriver.support.expected_conditions.element_to_be_clickable object at 0x00D76B70>\nmessage = ''\n\n    def until(self, method, message=''):\n        \"\"\"Calls the method provided with the driver as an argument until the \\\n        return value is not False.\"\"\"\n        screen = None\n        stacktrace = None\n    \n        end_time = time.time() + self._timeout\n        while True:\n            try:\n                value = method(self._driver)\n                if value:\n                    return value\n            except self._ignored_exceptions as exc:\n                screen = getattr(exc, 'screen', None)\n                stacktrace = getattr(exc, 'stacktrace', None)\n            time.sleep(self._poll)\n            if time.time() > end_time:\n                break\n>       raise TimeoutException(message, screen, stacktrace)\nE       selenium.common.exceptions.TimeoutException: Message:\n\n..\\..\\python\\lib\\site-packages\\selenium\\webdriver\\support\\wait.py:80: TimeoutException"}, "attachments": [{"name": "log", "source": "1df3598c-431e-45cf-b4ff-39d9c516109a-attachment.txt", "type": "text/plain"}], "start": 1652795349018, "stop": 1652795385867, "uuid": "e3022b4e-763b-448c-9eb2-c0d355016dc8", "historyId": "20ad3550239af3ddee85c66171a842d0", "testCaseId": "f7823822a551185c57e5aded65c0356a", "fullName": "testLock.test_lock.TestClok#test_unclok", "labels": [{"name": "tag", "value": "@pytest.mark.usefixtures('back_fixture')"}, {"name": "parentSuite", "value": "testLock"}, {"name": "suite", "value": "test_lock"}, {"name": "subSuite", "value": "TestClok"}, {"name": "host", "value": "Win102021AVUCSJ"}, {"name": "thread", "value": "10404-MainThread"}, {"name": "framework", "value": "pytest"}, {"name": "language", "value": "cpython3"}, {"name": "package", "value": "testLock.test_lock"}]}