{"name": "test_entrust_exercise", "status": "broken", "statusDetails": {"message": "selenium.common.exceptions.TimeoutException: Message:", "trace": "self = <testcases.testExercise.test_Xexercise.TestClok object at 0x001E9550>\nsetup_fixture = <businessPage.exercise_page.Exercise object at 0x00D73A50>\n\n    @pytest.mark.usefixtures('back_fixture')\n    def test_entrust_exercise(self,setup_fixture):\n        exe = setup_fixture\n>       res = exe.entrust_exercise()\n\ntestExercise\\test_Xexercise.py:46: \n_ _ _ _ _ _ _ _ _ _ _ _ _ _ _ _ _ _ _ _ _ _ _ _ _ _ _ _ _ _ _ _ _ _ _ _ _ _ _ _\n..\\businessPage\\exercise_page.py:122: in entrust_exercise\n    self.get_clickable_element(self.entrustitem,\"行权委托记录\")\n..\\common\\common_fun.py:276: in get_clickable_element\n    raise e\n..\\common\\common_fun.py:270: in get_clickable_element\n    ele = WebDriverWait(self.driver,timeout,0.5).until(EC.element_to_be_clickable(loc))\n_ _ _ _ _ _ _ _ _ _ _ _ _ _ _ _ _ _ _ _ _ _ _ _ _ _ _ _ _ _ _ _ _ _ _ _ _ _ _ _\n\nself = <selenium.webdriver.support.wait.WebDriverWait (session=\"0e7b83d5-90bd-4243-ba0f-6351e0c81c1e\")>\nmethod = <selenium.webdriver.support.expected_conditions.element_to_be_clickable object at 0x00D95B70>\nmessage = ''\n\n    def until(self, method, message=''):\n        \"\"\"Calls the method provided with the driver as an argument until the \\\n        return value is not False.\"\"\"\n        screen = None\n        stacktrace = None\n    \n        end_time = time.time() + self._timeout\n        while True:\n            try:\n                value = method(self._driver)\n                if value:\n                    return value\n            except self._ignored_exceptions as exc:\n                screen = getattr(exc, 'screen', None)\n                stacktrace = getattr(exc, 'stacktrace', None)\n            time.sleep(self._poll)\n            if time.time() > end_time:\n                break\n>       raise TimeoutException(message, screen, stacktrace)\nE       selenium.common.exceptions.TimeoutException: Message:\n\n..\\..\\python\\lib\\site-packages\\selenium\\webdriver\\support\\wait.py:80: TimeoutException"}, "attachments": [{"name": "log", "source": "1f0770cd-d18d-44c0-a92a-04293e6188ca-attachment.txt", "type": "text/plain"}], "start": 1652795286689, "stop": 1652795299486, "uuid": "d27434b1-e22b-4a7e-9f62-88fa4c7fb536", "historyId": "764ed9e680e84f62fd8f2ea499e33443", "testCaseId": "c717a4a41fed457158117f032dbdccd7", "fullName": "testExercise.test_Xexercise.TestClok#test_entrust_exercise", "labels": [{"name": "tag", "value": "@pytest.mark.usefixtures('back_fixture')"}, {"name": "parentSuite", "value": "testExercise"}, {"name": "suite", "value": "test_Xexercise"}, {"name": "subSuite", "value": "TestClok"}, {"name": "host", "value": "Win102021AVUCSJ"}, {"name": "thread", "value": "10404-MainThread"}, {"name": "framework", "value": "pytest"}, {"name": "language", "value": "cpython3"}, {"name": "package", "value": "testExercise.test_Xexercise"}]}