{"name": "test_captical", "status": "broken", "statusDetails": {"message": "selenium.common.exceptions.TimeoutException: Message:", "trace": "self = <testcases.testCaptical.test_Qto_captical.Test_trade object at 0x009DF350>\ndriver_fixture = <appium.webdriver.webdriver.WebDriver (session=\"3e7e3322-ff2d-4f2a-953a-a52f7e784abd\")>\n\n    @pytest.mark.usefixtures('back_fixture')\n    def test_captical(self,driver_fixture):\n        self.driver=driver_fixture\n        cap=TradeFirst(self.driver)\n>       cap.to_trade_page()\n\ntestCaptical\\test_Qto_captical.py:19: \n_ _ _ _ _ _ _ _ _ _ _ _ _ _ _ _ _ _ _ _ _ _ _ _ _ _ _ _ _ _ _ _ _ _ _ _ _ _ _ _\n..\\businessPage\\trade_first_page.py:40: in to_trade_page\n    self.get_clickable_element(self.trade_page,\"交易\")\n..\\common\\common_fun.py:276: in get_clickable_element\n    raise e\n..\\common\\common_fun.py:270: in get_clickable_element\n    ele = WebDriverWait(self.driver,timeout,0.5).until(EC.element_to_be_clickable(loc))\n_ _ _ _ _ _ _ _ _ _ _ _ _ _ _ _ _ _ _ _ _ _ _ _ _ _ _ _ _ _ _ _ _ _ _ _ _ _ _ _\n\nself = <selenium.webdriver.support.wait.WebDriverWait (session=\"3e7e3322-ff2d-4f2a-953a-a52f7e784abd\")>\nmethod = <selenium.webdriver.support.expected_conditions.element_to_be_clickable object at 0x009DFC90>\nmessage = ''\n\n    def until(self, method, message=''):\n        \"\"\"Calls the method provided with the driver as an argument until the \\\n        return value is not False.\"\"\"\n        screen = None\n        stacktrace = None\n    \n        end_time = time.time() + self._timeout\n        while True:\n            try:\n                value = method(self._driver)\n                if value:\n                    return value\n            except self._ignored_exceptions as exc:\n                screen = getattr(exc, 'screen', None)\n                stacktrace = getattr(exc, 'stacktrace', None)\n            time.sleep(self._poll)\n            if time.time() > end_time:\n                break\n>       raise TimeoutException(message, screen, stacktrace)\nE       selenium.common.exceptions.TimeoutException: Message:\n\n..\\..\\python\\lib\\site-packages\\selenium\\webdriver\\support\\wait.py:80: TimeoutException"}, "attachments": [{"name": "log", "source": "bd79cb9b-882a-4f62-b470-646a65eb2070-attachment.txt", "type": "text/plain"}], "start": 1652712956336, "stop": 1652712967922, "uuid": "966d53f3-8849-4189-b777-5c65249d3c12", "historyId": "b42c47d2df0b7632e1cd78fdcc2670d8", "testCaseId": "51cb69d2f70e66d133932c30595e82fe", "fullName": "testCaptical.test_Qto_captical.Test_trade#test_captical", "labels": [{"name": "tag", "value": "@pytest.mark.usefixtures('back_fixture')"}, {"name": "parentSuite", "value": "testCaptical"}, {"name": "suite", "value": "test_Qto_captical"}, {"name": "subSuite", "value": "Test_trade"}, {"name": "host", "value": "Win102021AVUCSJ"}, {"name": "thread", "value": "5784-MainThread"}, {"name": "framework", "value": "pytest"}, {"name": "language", "value": "cpython3"}, {"name": "package", "value": "testCaptical.test_Qto_captical"}]}