{"name": "test_Search_hiscapflow", "status": "broken", "statusDetails": {"message": "selenium.common.exceptions.TimeoutException: Message:", "trace": "self = <testcases.testSearch.test_Qsearch.TestSearch object at 0x00E36390>\nsetup_fixture = (<businessPage.trade_first_page.TradeFirst object at 0x00DB1C90>, <businessPage.search_page.Search object at 0x00DFBAD0>)\n\n    @pytest.mark.usefixtures('search_fixture')\n    def test_Search_hiscapflow(self,setup_fixture):\n        toSearch,daySearch = setup_fixture\n>       daytrad=daySearch.search_hiscapitalflow()\n\ntestSearch\\test_Qsearch.py:62: \n_ _ _ _ _ _ _ _ _ _ _ _ _ _ _ _ _ _ _ _ _ _ _ _ _ _ _ _ _ _ _ _ _ _ _ _ _ _ _ _\n..\\businessPage\\search_page.py:109: in search_hiscapitalflow\n    self.get_clickable_element(self.hiscapflow,\"历史资金流水\")\n..\\common\\common_fun.py:276: in get_clickable_element\n    raise e\n..\\common\\common_fun.py:270: in get_clickable_element\n    ele = WebDriverWait(self.driver,timeout,0.5).until(EC.element_to_be_clickable(loc))\n_ _ _ _ _ _ _ _ _ _ _ _ _ _ _ _ _ _ _ _ _ _ _ _ _ _ _ _ _ _ _ _ _ _ _ _ _ _ _ _\n\nself = <selenium.webdriver.support.wait.WebDriverWait (session=\"0e7b83d5-90bd-4243-ba0f-6351e0c81c1e\")>\nmethod = <selenium.webdriver.support.expected_conditions.element_to_be_clickable object at 0x00DB1FB0>\nmessage = ''\n\n    def until(self, method, message=''):\n        \"\"\"Calls the method provided with the driver as an argument until the \\\n        return value is not False.\"\"\"\n        screen = None\n        stacktrace = None\n    \n        end_time = time.time() + self._timeout\n        while True:\n            try:\n                value = method(self._driver)\n                if value:\n                    return value\n            except self._ignored_exceptions as exc:\n                screen = getattr(exc, 'screen', None)\n                stacktrace = getattr(exc, 'stacktrace', None)\n            time.sleep(self._poll)\n            if time.time() > end_time:\n                break\n>       raise TimeoutException(message, screen, stacktrace)\nE       selenium.common.exceptions.TimeoutException: Message:\n\n..\\..\\python\\lib\\site-packages\\selenium\\webdriver\\support\\wait.py:80: TimeoutException"}, "attachments": [{"name": "log", "source": "3d5e9528-7635-4d85-82e3-018f940ba506-attachment.txt", "type": "text/plain"}], "start": 1652795782450, "stop": 1652795793604, "uuid": "72bd2200-888d-4ce9-ae86-04213eb23518", "historyId": "2c85059351bdbf6990df809df9018042", "testCaseId": "52e501b999c41230e81c90648634adb0", "fullName": "testSearch.test_Qsearch.TestSearch#test_Search_hiscapflow", "labels": [{"name": "tag", "value": "@pytest.mark.usefixtures('search_fixture')"}, {"name": "parentSuite", "value": "testSearch"}, {"name": "suite", "value": "test_Qsearch"}, {"name": "subSuite", "value": "TestSearch"}, {"name": "host", "value": "Win102021AVUCSJ"}, {"name": "thread", "value": "10404-MainThread"}, {"name": "framework", "value": "pytest"}, {"name": "language", "value": "cpython3"}, {"name": "package", "value": "testSearch.test_Qsearch"}]}