{"name": "test_oldpwd_null", "status": "broken", "statusDetails": {"message": "selenium.common.exceptions.TimeoutException: Message:", "trace": "self = <testcases.testChangePassword.test_Qchange_password.TestChangePassword object at 0x009D79B0>\ndriver_fixture = <appium.webdriver.webdriver.WebDriver (session=\"3e7e3322-ff2d-4f2a-953a-a52f7e784abd\")>\n\n    @pytest.fixture(scope='function', autouse=False)\n    def setup_fixture(self, driver_fixture):\n        driver = driver_fixture\n        tradehome = TradeFirst(driver)\n        changepwd = ChangePwd(driver)\n        common = Common(driver)\n>       tradehome.to_trade_page()\n\ntestChangePassword\\test_Qchange_password.py:17: \n_ _ _ _ _ _ _ _ _ _ _ _ _ _ _ _ _ _ _ _ _ _ _ _ _ _ _ _ _ _ _ _ _ _ _ _ _ _ _ _\n..\\businessPage\\trade_first_page.py:40: in to_trade_page\n    self.get_clickable_element(self.trade_page,\"交易\")\n..\\common\\common_fun.py:276: in get_clickable_element\n    raise e\n..\\common\\common_fun.py:270: in get_clickable_element\n    ele = WebDriverWait(self.driver,timeout,0.5).until(EC.element_to_be_clickable(loc))\n_ _ _ _ _ _ _ _ _ _ _ _ _ _ _ _ _ _ _ _ _ _ _ _ _ _ _ _ _ _ _ _ _ _ _ _ _ _ _ _\n\nself = <selenium.webdriver.support.wait.WebDriverWait (session=\"3e7e3322-ff2d-4f2a-953a-a52f7e784abd\")>\nmethod = <selenium.webdriver.support.expected_conditions.element_to_be_clickable object at 0x009D7550>\nmessage = ''\n\n    def until(self, method, message=''):\n        \"\"\"Calls the method provided with the driver as an argument until the \\\n        return value is not False.\"\"\"\n        screen = None\n        stacktrace = None\n    \n        end_time = time.time() + self._timeout\n        while True:\n            try:\n                value = method(self._driver)\n                if value:\n                    return value\n            except self._ignored_exceptions as exc:\n                screen = getattr(exc, 'screen', None)\n                stacktrace = getattr(exc, 'stacktrace', None)\n            time.sleep(self._poll)\n            if time.time() > end_time:\n                break\n>       raise TimeoutException(message, screen, stacktrace)\nE       selenium.common.exceptions.TimeoutException: Message:\n\n..\\..\\python\\lib\\site-packages\\selenium\\webdriver\\support\\wait.py:80: TimeoutException"}, "attachments": [{"name": "log", "source": "e001cd21-7bf4-4543-ad01-7b6307f3be91-attachment.txt", "type": "text/plain"}], "start": 1652712979222, "stop": 1652712979222, "uuid": "086898a9-b4d0-42fb-884d-0a11e7d485c9", "historyId": "82a17d8fbcf9afaec7e2c35392e28432", "testCaseId": "6359e6d6b3816636804cbd847adea5c4", "fullName": "testChangePassword.test_Qchange_password.TestChangePassword#test_oldpwd_null", "labels": [{"name": "tag", "value": "@pytest.mark.usefixtures('back_fixture')"}, {"name": "parentSuite", "value": "testChangePassword"}, {"name": "suite", "value": "test_Qchange_password"}, {"name": "subSuite", "value": "TestChangePassword"}, {"name": "host", "value": "Win102021AVUCSJ"}, {"name": "thread", "value": "5784-MainThread"}, {"name": "framework", "value": "pytest"}, {"name": "language", "value": "cpython3"}, {"name": "package", "value": "testChangePassword.test_Qchange_password"}]}