{
  "uid" : "4d8195d54fffc7d8",
  "name" : "test_sell_chenge_price",
  "fullName" : "testGp.test_new_Gp.TestGp#test_sell_chenge_price",
  "historyId" : "31291e5910c295afad8e8033cb2a8a55",
  "time" : {
    "start" : 1652710823518,
    "stop" : 1652710823518,
    "duration" : 0
  },
  "status" : "broken",
  "statusMessage" : "selenium.common.exceptions.TimeoutException: Message:",
  "statusTrace" : "driver_fixture = <appium.webdriver.webdriver.WebDriver (session=\"698b5393-cd96-47b9-afcf-687d33d49b8a\")>\n\n    @pytest.fixture(scope='session',autouse=False)\n    def login_fixture(driver_fixture):\n        csv_file=BASE_DIR + '\\datas\\login.csv'\n        print(\"csv_file:%s\"%csv_file)\n        driver=driver_fixture\n        com=Common(driver)\n        data=com.get_csv_data(csv_file,1)\n        time.sleep(2)\n        trd=First(driver)\n        trd.to_login()\n        logn=Login(driver)\n>       logn.login(data[0],data[1])\n\nconftest.py:41: \n_ _ _ _ _ _ _ _ _ _ _ _ _ _ _ _ _ _ _ _ _ _ _ _ _ _ _ _ _ _ _ _ _ _ _ _ _ _ _ _\n..\\businessPage\\login_page.py:110: in login\n    self.get_visible_element(self.tv_account,\"首页账号\",30)\n..\\common\\common_fun.py:212: in get_visible_element\n    raise e\n..\\common\\common_fun.py:207: in get_visible_element\n    ele=WebDriverWait(self.driver,timeout,0.5).until(EC.visibility_of_element_located(loc))\n_ _ _ _ _ _ _ _ _ _ _ _ _ _ _ _ _ _ _ _ _ _ _ _ _ _ _ _ _ _ _ _ _ _ _ _ _ _ _ _\n\nself = <selenium.webdriver.support.wait.WebDriverWait (session=\"698b5393-cd96-47b9-afcf-687d33d49b8a\")>\nmethod = <selenium.webdriver.support.expected_conditions.visibility_of_element_located object at 0x042C3790>\nmessage = ''\n\n    def until(self, method, message=''):\n        \"\"\"Calls the method provided with the driver as an argument until the \\\n        return value is not False.\"\"\"\n        screen = None\n        stacktrace = None\n    \n        end_time = time.time() + self._timeout\n        while True:\n            try:\n                value = method(self._driver)\n                if value:\n                    return value\n            except self._ignored_exceptions as exc:\n                screen = getattr(exc, 'screen', None)\n                stacktrace = getattr(exc, 'stacktrace', None)\n            time.sleep(self._poll)\n            if time.time() > end_time:\n                break\n>       raise TimeoutException(message, screen, stacktrace)\nE       selenium.common.exceptions.TimeoutException: Message:\n\n..\\..\\python\\lib\\site-packages\\selenium\\webdriver\\support\\wait.py:80: TimeoutException",
  "flaky" : false,
  "newFailed" : false,
  "beforeStages" : [ {
    "name" : "old_pwd",
    "time" : {
      "start" : 1652710821649,
      "stop" : 1652710821649,
      "duration" : 0
    },
    "status" : "passed",
    "steps" : [ ],
    "attachments" : [ ],
    "parameters" : [ ],
    "stepsCount" : 0,
    "hasContent" : false,
    "shouldDisplayMessage" : false,
    "attachmentsCount" : 0
  }, {
    "name" : "login_fixture",
    "time" : {
      "start" : 1652710683076,
      "stop" : 1652710821331,
      "duration" : 138255
    },
    "status" : "broken",
    "statusMessage" : "selenium.common.exceptions.TimeoutException: Message: \n\n",
    "statusTrace" : "  File \"D:\\xiaxy\\python\\lib\\site-packages\\pluggy\\callers.py\", line 187, in _multicall\n    res = hook_impl.function(*args)\n  File \"D:\\xiaxy\\python\\lib\\site-packages\\_pytest\\fixtures.py\", line 1126, in pytest_fixture_setup\n    result = call_fixture_func(fixturefunc, request, kwargs)\n  File \"D:\\xiaxy\\python\\lib\\site-packages\\_pytest\\fixtures.py\", line 932, in call_fixture_func\n    fixture_result = fixturefunc(**kwargs)\n  File \"D:\\xiaxy\\automation_test2022.4.22\\testcases\\conftest.py\", line 41, in login_fixture\n    logn.login(data[0],data[1])\n  File \"D:\\xiaxy\\automation_test2022.4.22\\businessPage\\login_page.py\", line 110, in login\n    self.get_visible_element(self.tv_account,\"首页账号\",30)\n  File \"D:\\xiaxy\\automation_test2022.4.22\\common\\common_fun.py\", line 212, in get_visible_element\n    raise e\n  File \"D:\\xiaxy\\automation_test2022.4.22\\common\\common_fun.py\", line 207, in get_visible_element\n    ele=WebDriverWait(self.driver,timeout,0.5).until(EC.visibility_of_element_located(loc))\n  File \"D:\\xiaxy\\python\\lib\\site-packages\\selenium\\webdriver\\support\\wait.py\", line 80, in until\n    raise TimeoutException(message, screen, stacktrace)\n",
    "steps" : [ ],
    "attachments" : [ ],
    "parameters" : [ ],
    "stepsCount" : 0,
    "hasContent" : true,
    "shouldDisplayMessage" : true,
    "attachmentsCount" : 0
  }, {
    "name" : "driver_fixture",
    "time" : {
      "start" : 1652710646028,
      "stop" : 1652710683076,
      "duration" : 37048
    },
    "status" : "passed",
    "steps" : [ ],
    "attachments" : [ ],
    "parameters" : [ ],
    "stepsCount" : 0,
    "hasContent" : false,
    "shouldDisplayMessage" : false,
    "attachmentsCount" : 0
  } ],
  "afterStages" : [ {
    "name" : "old_pwd::0",
    "time" : {
      "start" : 1652710825621,
      "stop" : 1652710825621,
      "duration" : 0
    },
    "status" : "passed",
    "steps" : [ ],
    "attachments" : [ ],
    "parameters" : [ ],
    "stepsCount" : 0,
    "hasContent" : false,
    "shouldDisplayMessage" : false,
    "attachmentsCount" : 0
  }, {
    "name" : "driver_fixture::0",
    "time" : {
      "start" : 1652710825625,
      "stop" : 1652710825625,
      "duration" : 0
    },
    "status" : "passed",
    "steps" : [ ],
    "attachments" : [ ],
    "parameters" : [ ],
    "stepsCount" : 0,
    "hasContent" : false,
    "shouldDisplayMessage" : false,
    "attachmentsCount" : 0
  } ],
  "labels" : [ {
    "name" : "tag",
    "value" : "@pytest.mark.usefixtures('back_fixture')"
  }, {
    "name" : "parentSuite",
    "value" : "testGp"
  }, {
    "name" : "suite",
    "value" : "test_new_Gp"
  }, {
    "name" : "subSuite",
    "value" : "TestGp"
  }, {
    "name" : "host",
    "value" : "Win102021AVUCSJ"
  }, {
    "name" : "thread",
    "value" : "1400-MainThread"
  }, {
    "name" : "framework",
    "value" : "pytest"
  }, {
    "name" : "language",
    "value" : "cpython3"
  }, {
    "name" : "package",
    "value" : "testGp.test_new_Gp"
  }, {
    "name" : "resultFormat",
    "value" : "allure2"
  } ],
  "parameters" : [ ],
  "links" : [ ],
  "hidden" : true,
  "retry" : true,
  "extra" : {
    "categories" : [ ],
    "tags" : [ "@pytest.mark.usefixtures('back_fixture')" ]
  },
  "source" : "4d8195d54fffc7d8.json",
  "parameterValues" : [ ]
}