{
  "uid" : "639be8aa31cf18e8",
  "name" : "test_setlogin_15",
  "fullName" : "testEntrustSetup.test_Qentrust_setup.TestEntrustSetup#test_setlogin_15",
  "historyId" : "6d4058ca32b52d76733195ce0626a468",
  "time" : {
    "start" : 1652795171659,
    "stop" : 1652795175062,
    "duration" : 3403
  },
  "status" : "broken",
  "statusMessage" : "AttributeError: module 'pytest' has no attribute 'assume'",
  "statusTrace" : "self = <testcases.testEntrustSetup.test_Qentrust_setup.TestEntrustSetup object at 0x00CF6910>\nsetup_fixture = (<businessPage.trade_first_page.TradeFirst object at 0x0077CED0>, <businessPage.entrust_setup_page.Setup object at 0x0...<businessPage.choice_oder_page.ChoiceOrder object at 0x0077C4F0>, <businessPage.order_page.Order object at 0x0077CF90>)\n\n    @pytest.mark.usefixtures('back_fixture')\n    def test_setlogin_15(self,setup_fixture):\n        tradehome, setup,choiceorder,order = setup_fixture\n        setup.setlogin_15()\n        setlogin_text = setup.el_text(setup.rl_setting_login_time,\"设置登录时长text\")\n>       pytest.assume(setlogin_text == \"15分钟后自动退出\")\nE       AttributeError: module 'pytest' has no attribute 'assume'\n\ntestEntrustSetup\\test_Qentrust_setup.py:186: AttributeError",
  "flaky" : false,
  "newFailed" : false,
  "beforeStages" : [ {
    "name" : "back_fixture",
    "time" : {
      "start" : 1652795167802,
      "stop" : 1652795167802,
      "duration" : 0
    },
    "status" : "passed",
    "steps" : [ ],
    "attachments" : [ ],
    "parameters" : [ ],
    "stepsCount" : 0,
    "hasContent" : false,
    "shouldDisplayMessage" : false,
    "attachmentsCount" : 0
  }, {
    "name" : "driver_fixture",
    "time" : {
      "start" : 1652794360868,
      "stop" : 1652794396581,
      "duration" : 35713
    },
    "status" : "passed",
    "steps" : [ ],
    "attachments" : [ ],
    "parameters" : [ ],
    "stepsCount" : 0,
    "hasContent" : false,
    "shouldDisplayMessage" : false,
    "attachmentsCount" : 0
  }, {
    "name" : "login_fixture",
    "time" : {
      "start" : 1652794396581,
      "stop" : 1652794501486,
      "duration" : 104905
    },
    "status" : "passed",
    "steps" : [ ],
    "attachments" : [ ],
    "parameters" : [ ],
    "stepsCount" : 0,
    "hasContent" : false,
    "shouldDisplayMessage" : false,
    "attachmentsCount" : 0
  }, {
    "name" : "setup_fixture",
    "time" : {
      "start" : 1652795167802,
      "stop" : 1652795171659,
      "duration" : 3857
    },
    "status" : "passed",
    "steps" : [ ],
    "attachments" : [ ],
    "parameters" : [ ],
    "stepsCount" : 0,
    "hasContent" : false,
    "shouldDisplayMessage" : false,
    "attachmentsCount" : 0
  } ],
  "testStage" : {
    "status" : "broken",
    "statusMessage" : "AttributeError: module 'pytest' has no attribute 'assume'",
    "statusTrace" : "self = <testcases.testEntrustSetup.test_Qentrust_setup.TestEntrustSetup object at 0x00CF6910>\nsetup_fixture = (<businessPage.trade_first_page.TradeFirst object at 0x0077CED0>, <businessPage.entrust_setup_page.Setup object at 0x0...<businessPage.choice_oder_page.ChoiceOrder object at 0x0077C4F0>, <businessPage.order_page.Order object at 0x0077CF90>)\n\n    @pytest.mark.usefixtures('back_fixture')\n    def test_setlogin_15(self,setup_fixture):\n        tradehome, setup,choiceorder,order = setup_fixture\n        setup.setlogin_15()\n        setlogin_text = setup.el_text(setup.rl_setting_login_time,\"设置登录时长text\")\n>       pytest.assume(setlogin_text == \"15分钟后自动退出\")\nE       AttributeError: module 'pytest' has no attribute 'assume'\n\ntestEntrustSetup\\test_Qentrust_setup.py:186: AttributeError",
    "steps" : [ ],
    "attachments" : [ {
      "uid" : "2f00cb32d5e8aa6c",
      "name" : "log",
      "source" : "2f00cb32d5e8aa6c.txt",
      "type" : "text/plain",
      "size" : 537
    } ],
    "parameters" : [ ],
    "stepsCount" : 0,
    "hasContent" : true,
    "shouldDisplayMessage" : true,
    "attachmentsCount" : 1
  },
  "afterStages" : [ {
    "name" : "back_fixture::0",
    "time" : {
      "start" : 1652795175070,
      "stop" : 1652795175679,
      "duration" : 609
    },
    "status" : "passed",
    "steps" : [ ],
    "attachments" : [ ],
    "parameters" : [ ],
    "stepsCount" : 0,
    "hasContent" : false,
    "shouldDisplayMessage" : false,
    "attachmentsCount" : 0
  }, {
    "name" : "driver_fixture::0",
    "time" : {
      "start" : 1652796124797,
      "stop" : 1652796124797,
      "duration" : 0
    },
    "status" : "passed",
    "steps" : [ ],
    "attachments" : [ ],
    "parameters" : [ ],
    "stepsCount" : 0,
    "hasContent" : false,
    "shouldDisplayMessage" : false,
    "attachmentsCount" : 0
  } ],
  "labels" : [ {
    "name" : "tag",
    "value" : "@pytest.mark.usefixtures('back_fixture')"
  }, {
    "name" : "parentSuite",
    "value" : "testEntrustSetup"
  }, {
    "name" : "suite",
    "value" : "test_Qentrust_setup"
  }, {
    "name" : "subSuite",
    "value" : "TestEntrustSetup"
  }, {
    "name" : "host",
    "value" : "Win102021AVUCSJ"
  }, {
    "name" : "thread",
    "value" : "10404-MainThread"
  }, {
    "name" : "framework",
    "value" : "pytest"
  }, {
    "name" : "language",
    "value" : "cpython3"
  }, {
    "name" : "package",
    "value" : "testEntrustSetup.test_Qentrust_setup"
  }, {
    "name" : "resultFormat",
    "value" : "allure2"
  } ],
  "parameters" : [ ],
  "links" : [ ],
  "hidden" : false,
  "retry" : false,
  "extra" : {
    "severity" : "normal",
    "retries" : [ {
      "uid" : "53d359d5c8811ba3",
      "status" : "broken",
      "statusDetails" : "selenium.common.exceptions.WebDriverException: Message: An unknown server-side error occurred while processing the command. Original error: 'GET /screenshot' cannot be proxied to UiAutomator2 server because the instrumentation process is not running (probably crashed). Check the server log and/or the logcat output for more details",
      "time" : {
        "start" : 1652713050852,
        "stop" : 1652713050852,
        "duration" : 0
      }
    }, {
      "uid" : "63c6f3c4b0a9c45b",
      "status" : "broken",
      "statusDetails" : "selenium.common.exceptions.WebDriverException: Message: An unknown server-side error occurred while processing the command. Original error: 'GET /screenshot' cannot be proxied to UiAutomator2 server because the instrumentation process is not running (probably crashed). Check the server log and/or the logcat output for more details",
      "time" : {
        "start" : 1652712707259,
        "stop" : 1652712707259,
        "duration" : 0
      }
    }, {
      "uid" : "b1f22f52a3c42f0",
      "status" : "broken",
      "statusDetails" : "selenium.common.exceptions.TimeoutException: Message:",
      "time" : {
        "start" : 1652710822573,
        "stop" : 1652710822573,
        "duration" : 0
      }
    }, {
      "uid" : "a9ad0672a9b5fa34",
      "status" : "broken",
      "statusDetails" : "selenium.common.exceptions.TimeoutException: Message:",
      "time" : {
        "start" : 1652710342464,
        "stop" : 1652710342464,
        "duration" : 0
      }
    }, {
      "uid" : "1a1a0a3b63b38e42",
      "status" : "broken",
      "statusDetails" : "selenium.common.exceptions.WebDriverException: Message: An unknown server-side error occurred while processing the command. Original error: Could not find a connected Android device in 20093ms.",
      "time" : {
        "start" : 1652710086777,
        "stop" : 1652710086777,
        "duration" : 0
      }
    } ],
    "categories" : [ {
      "name" : "Test defects",
      "matchedStatuses" : [ ],
      "flaky" : false
    } ],
    "tags" : [ "@pytest.mark.usefixtures('back_fixture')" ]
  },
  "source" : "639be8aa31cf18e8.json",
  "parameterValues" : [ ]
}