{
  "uid" : "7f17a44e577f132a",
  "name" : "test_history_cj",
  "fullName" : "testGp.test_new_Gp.TestGp#test_history_cj",
  "historyId" : "1474d65bc3dcbda75b13f04739b1d66a",
  "time" : {
    "start" : 1652795334169,
    "stop" : 1652795334169,
    "duration" : 0
  },
  "status" : "broken",
  "statusMessage" : "AttributeError: 'Login' object has no attribute 'gp_login'",
  "statusTrace" : "driver_fixture = <appium.webdriver.webdriver.WebDriver (session=\"0e7b83d5-90bd-4243-ba0f-6351e0c81c1e\")>\n\n    @pytest.fixture(scope='session',autouse=False)\n    def gp_login_fixture(driver_fixture):\n        csv_file=BASE_DIR + '\\datas\\login.csv'\n        print(\"csv_file:%s\"%csv_file)\n        driver=driver_fixture\n        com=Common(driver)\n        data=com.get_csv_data(csv_file,2)\n        time.sleep(2)\n        trd=First(driver)\n        trd.to_login()\n        logn=Login(driver)\n>       logn.gp_login(data[0],data[1])\nE       AttributeError: 'Login' object has no attribute 'gp_login'\n\nconftest.py:54: AttributeError",
  "flaky" : false,
  "newFailed" : false,
  "beforeStages" : [ {
    "name" : "driver_fixture",
    "time" : {
      "start" : 1652794360868,
      "stop" : 1652794396581,
      "duration" : 35713
    },
    "status" : "passed",
    "steps" : [ ],
    "attachments" : [ ],
    "parameters" : [ ],
    "stepsCount" : 0,
    "hasContent" : false,
    "shouldDisplayMessage" : false,
    "attachmentsCount" : 0
  }, {
    "name" : "login_fixture",
    "time" : {
      "start" : 1652794396581,
      "stop" : 1652794501486,
      "duration" : 104905
    },
    "status" : "passed",
    "steps" : [ ],
    "attachments" : [ ],
    "parameters" : [ ],
    "stepsCount" : 0,
    "hasContent" : false,
    "shouldDisplayMessage" : false,
    "attachmentsCount" : 0
  }, {
    "name" : "gp_login_fixture",
    "time" : {
      "start" : 1652795328232,
      "stop" : 1652795333892,
      "duration" : 5660
    },
    "status" : "broken",
    "statusMessage" : "AttributeError: 'Login' object has no attribute 'gp_login'\n",
    "statusTrace" : "  File \"D:\\xiaxy\\python\\lib\\site-packages\\pluggy\\callers.py\", line 187, in _multicall\n    res = hook_impl.function(*args)\n  File \"D:\\xiaxy\\python\\lib\\site-packages\\_pytest\\fixtures.py\", line 1126, in pytest_fixture_setup\n    result = call_fixture_func(fixturefunc, request, kwargs)\n  File \"D:\\xiaxy\\python\\lib\\site-packages\\_pytest\\fixtures.py\", line 932, in call_fixture_func\n    fixture_result = fixturefunc(**kwargs)\n  File \"D:\\xiaxy\\automation_test2022.4.22\\testcases\\conftest.py\", line 54, in gp_login_fixture\n    logn.gp_login(data[0],data[1])\n",
    "steps" : [ ],
    "attachments" : [ ],
    "parameters" : [ ],
    "stepsCount" : 0,
    "hasContent" : true,
    "shouldDisplayMessage" : true,
    "attachmentsCount" : 0
  }, {
    "name" : "back_fixture",
    "time" : {
      "start" : 1652795334309,
      "stop" : 1652795334310,
      "duration" : 1
    },
    "status" : "passed",
    "steps" : [ ],
    "attachments" : [ ],
    "parameters" : [ ],
    "stepsCount" : 0,
    "hasContent" : false,
    "shouldDisplayMessage" : false,
    "attachmentsCount" : 0
  }, {
    "name" : "old_pwd",
    "time" : {
      "start" : 1652794797078,
      "stop" : 1652794797079,
      "duration" : 1
    },
    "status" : "passed",
    "steps" : [ ],
    "attachments" : [ ],
    "parameters" : [ ],
    "stepsCount" : 0,
    "hasContent" : false,
    "shouldDisplayMessage" : false,
    "attachmentsCount" : 0
  } ],
  "afterStages" : [ {
    "name" : "driver_fixture::0",
    "time" : {
      "start" : 1652796124797,
      "stop" : 1652796124797,
      "duration" : 0
    },
    "status" : "passed",
    "steps" : [ ],
    "attachments" : [ ],
    "parameters" : [ ],
    "stepsCount" : 0,
    "hasContent" : false,
    "shouldDisplayMessage" : false,
    "attachmentsCount" : 0
  }, {
    "name" : "back_fixture::0",
    "time" : {
      "start" : 1652795347356,
      "stop" : 1652795347464,
      "duration" : 108
    },
    "status" : "passed",
    "steps" : [ ],
    "attachments" : [ ],
    "parameters" : [ ],
    "stepsCount" : 0,
    "hasContent" : false,
    "shouldDisplayMessage" : false,
    "attachmentsCount" : 0
  }, {
    "name" : "old_pwd::0",
    "time" : {
      "start" : 1652796124790,
      "stop" : 1652796124790,
      "duration" : 0
    },
    "status" : "passed",
    "steps" : [ ],
    "attachments" : [ ],
    "parameters" : [ ],
    "stepsCount" : 0,
    "hasContent" : false,
    "shouldDisplayMessage" : false,
    "attachmentsCount" : 0
  } ],
  "labels" : [ {
    "name" : "tag",
    "value" : "@pytest.mark.usefixtures('back_fixture')"
  }, {
    "name" : "parentSuite",
    "value" : "testGp"
  }, {
    "name" : "suite",
    "value" : "test_new_Gp"
  }, {
    "name" : "subSuite",
    "value" : "TestGp"
  }, {
    "name" : "host",
    "value" : "Win102021AVUCSJ"
  }, {
    "name" : "thread",
    "value" : "10404-MainThread"
  }, {
    "name" : "framework",
    "value" : "pytest"
  }, {
    "name" : "language",
    "value" : "cpython3"
  }, {
    "name" : "package",
    "value" : "testGp.test_new_Gp"
  }, {
    "name" : "resultFormat",
    "value" : "allure2"
  } ],
  "parameters" : [ ],
  "links" : [ ],
  "hidden" : false,
  "retry" : false,
  "extra" : {
    "severity" : "normal",
    "retries" : [ {
      "uid" : "b056841bd15958e0",
      "status" : "broken",
      "statusDetails" : "selenium.common.exceptions.WebDriverException: Message: An unknown server-side error occurred while processing the command. Original error: 'GET /screenshot' cannot be proxied to UiAutomator2 server because the instrumentation process is not running (probably crashed). Check the server log and/or the logcat output for more details",
      "time" : {
        "start" : 1652713063446,
        "stop" : 1652713063446,
        "duration" : 0
      }
    }, {
      "uid" : "cb393b991edb4c17",
      "status" : "broken",
      "statusDetails" : "selenium.common.exceptions.WebDriverException: Message: An unknown server-side error occurred while processing the command. Original error: 'GET /screenshot' cannot be proxied to UiAutomator2 server because the instrumentation process is not running (probably crashed). Check the server log and/or the logcat output for more details",
      "time" : {
        "start" : 1652712719964,
        "stop" : 1652712719964,
        "duration" : 0
      }
    }, {
      "uid" : "e4cc4232a273f4a8",
      "status" : "broken",
      "statusDetails" : "selenium.common.exceptions.TimeoutException: Message:",
      "time" : {
        "start" : 1652710823844,
        "stop" : 1652710823844,
        "duration" : 0
      }
    }, {
      "uid" : "f419e5a66cfb58bd",
      "status" : "broken",
      "statusDetails" : "selenium.common.exceptions.TimeoutException: Message:",
      "time" : {
        "start" : 1652710343436,
        "stop" : 1652710343436,
        "duration" : 0
      }
    }, {
      "uid" : "7fadbd5fd0867838",
      "status" : "broken",
      "statusDetails" : "selenium.common.exceptions.WebDriverException: Message: An unknown server-side error occurred while processing the command. Original error: Could not find a connected Android device in 20093ms.",
      "time" : {
        "start" : 1652710088331,
        "stop" : 1652710088331,
        "duration" : 0
      }
    } ],
    "categories" : [ {
      "name" : "Test defects",
      "matchedStatuses" : [ ],
      "flaky" : false
    } ],
    "tags" : [ "@pytest.mark.usefixtures('back_fixture')" ]
  },
  "source" : "7f17a44e577f132a.json",
  "parameterValues" : [ ]
}