{
  "uid" : "857e6ca0c7c50352",
  "name" : "test_unclok",
  "fullName" : "testLock.test_lock.TestClok#test_unclok",
  "historyId" : "20ad3550239af3ddee85c66171a842d0",
  "time" : {
    "start" : 1652795349018,
    "stop" : 1652795385867,
    "duration" : 36849
  },
  "status" : "broken",
  "statusMessage" : "selenium.common.exceptions.TimeoutException: Message:",
  "statusTrace" : "self = <testcases.testLock.test_lock.TestClok object at 0x00D76690>\nsetup_fixture = <businessPage.clok_page.ClokUnclok object at 0x00D76250>\n\n    @pytest.mark.usefixtures('back_fixture')\n    def test_unclok(self,setup_fixture):\n        clokunclok = setup_fixture\n>       res = clokunclok.unclok_confirm()\n\ntestLock\\test_lock.py:28: \n_ _ _ _ _ _ _ _ _ _ _ _ _ _ _ _ _ _ _ _ _ _ _ _ _ _ _ _ _ _ _ _ _ _ _ _ _ _ _ _\n..\\businessPage\\clok_page.py:71: in unclok_confirm\n    self.confirm()\n..\\common\\common_fun.py:380: in confirm\n    raise e\n..\\common\\common_fun.py:375: in confirm\n    self.get_clickable_element(self.cofirmbtn,\"confirm确认按钮\")\n..\\common\\common_fun.py:276: in get_clickable_element\n    raise e\n..\\common\\common_fun.py:270: in get_clickable_element\n    ele = WebDriverWait(self.driver,timeout,0.5).until(EC.element_to_be_clickable(loc))\n_ _ _ _ _ _ _ _ _ _ _ _ _ _ _ _ _ _ _ _ _ _ _ _ _ _ _ _ _ _ _ _ _ _ _ _ _ _ _ _\n\nself = <selenium.webdriver.support.wait.WebDriverWait (session=\"0e7b83d5-90bd-4243-ba0f-6351e0c81c1e\")>\nmethod = <selenium.webdriver.support.expected_conditions.element_to_be_clickable object at 0x00D76B70>\nmessage = ''\n\n    def until(self, method, message=''):\n        \"\"\"Calls the method provided with the driver as an argument until the \\\n        return value is not False.\"\"\"\n        screen = None\n        stacktrace = None\n    \n        end_time = time.time() + self._timeout\n        while True:\n            try:\n                value = method(self._driver)\n                if value:\n                    return value\n            except self._ignored_exceptions as exc:\n                screen = getattr(exc, 'screen', None)\n                stacktrace = getattr(exc, 'stacktrace', None)\n            time.sleep(self._poll)\n            if time.time() > end_time:\n                break\n>       raise TimeoutException(message, screen, stacktrace)\nE       selenium.common.exceptions.TimeoutException: Message:\n\n..\\..\\python\\lib\\site-packages\\selenium\\webdriver\\support\\wait.py:80: TimeoutException",
  "flaky" : false,
  "newFailed" : false,
  "beforeStages" : [ {
    "name" : "back_fixture",
    "time" : {
      "start" : 1652795347467,
      "stop" : 1652795347468,
      "duration" : 1
    },
    "status" : "passed",
    "steps" : [ ],
    "attachments" : [ ],
    "parameters" : [ ],
    "stepsCount" : 0,
    "hasContent" : false,
    "shouldDisplayMessage" : false,
    "attachmentsCount" : 0
  }, {
    "name" : "setup_fixture",
    "time" : {
      "start" : 1652795347468,
      "stop" : 1652795349018,
      "duration" : 1550
    },
    "status" : "passed",
    "steps" : [ ],
    "attachments" : [ ],
    "parameters" : [ ],
    "stepsCount" : 0,
    "hasContent" : false,
    "shouldDisplayMessage" : false,
    "attachmentsCount" : 0
  }, {
    "name" : "driver_fixture",
    "time" : {
      "start" : 1652794360868,
      "stop" : 1652794396581,
      "duration" : 35713
    },
    "status" : "passed",
    "steps" : [ ],
    "attachments" : [ ],
    "parameters" : [ ],
    "stepsCount" : 0,
    "hasContent" : false,
    "shouldDisplayMessage" : false,
    "attachmentsCount" : 0
  }, {
    "name" : "login_fixture",
    "time" : {
      "start" : 1652794396581,
      "stop" : 1652794501486,
      "duration" : 104905
    },
    "status" : "passed",
    "steps" : [ ],
    "attachments" : [ ],
    "parameters" : [ ],
    "stepsCount" : 0,
    "hasContent" : false,
    "shouldDisplayMessage" : false,
    "attachmentsCount" : 0
  } ],
  "testStage" : {
    "status" : "broken",
    "statusMessage" : "selenium.common.exceptions.TimeoutException: Message:",
    "statusTrace" : "self = <testcases.testLock.test_lock.TestClok object at 0x00D76690>\nsetup_fixture = <businessPage.clok_page.ClokUnclok object at 0x00D76250>\n\n    @pytest.mark.usefixtures('back_fixture')\n    def test_unclok(self,setup_fixture):\n        clokunclok = setup_fixture\n>       res = clokunclok.unclok_confirm()\n\ntestLock\\test_lock.py:28: \n_ _ _ _ _ _ _ _ _ _ _ _ _ _ _ _ _ _ _ _ _ _ _ _ _ _ _ _ _ _ _ _ _ _ _ _ _ _ _ _\n..\\businessPage\\clok_page.py:71: in unclok_confirm\n    self.confirm()\n..\\common\\common_fun.py:380: in confirm\n    raise e\n..\\common\\common_fun.py:375: in confirm\n    self.get_clickable_element(self.cofirmbtn,\"confirm确认按钮\")\n..\\common\\common_fun.py:276: in get_clickable_element\n    raise e\n..\\common\\common_fun.py:270: in get_clickable_element\n    ele = WebDriverWait(self.driver,timeout,0.5).until(EC.element_to_be_clickable(loc))\n_ _ _ _ _ _ _ _ _ _ _ _ _ _ _ _ _ _ _ _ _ _ _ _ _ _ _ _ _ _ _ _ _ _ _ _ _ _ _ _\n\nself = <selenium.webdriver.support.wait.WebDriverWait (session=\"0e7b83d5-90bd-4243-ba0f-6351e0c81c1e\")>\nmethod = <selenium.webdriver.support.expected_conditions.element_to_be_clickable object at 0x00D76B70>\nmessage = ''\n\n    def until(self, method, message=''):\n        \"\"\"Calls the method provided with the driver as an argument until the \\\n        return value is not False.\"\"\"\n        screen = None\n        stacktrace = None\n    \n        end_time = time.time() + self._timeout\n        while True:\n            try:\n                value = method(self._driver)\n                if value:\n                    return value\n            except self._ignored_exceptions as exc:\n                screen = getattr(exc, 'screen', None)\n                stacktrace = getattr(exc, 'stacktrace', None)\n            time.sleep(self._poll)\n            if time.time() > end_time:\n                break\n>       raise TimeoutException(message, screen, stacktrace)\nE       selenium.common.exceptions.TimeoutException: Message:\n\n..\\..\\python\\lib\\site-packages\\selenium\\webdriver\\support\\wait.py:80: TimeoutException",
    "steps" : [ ],
    "attachments" : [ {
      "uid" : "d59025ecd195eb92",
      "name" : "log",
      "source" : "d59025ecd195eb92.txt",
      "type" : "text/plain",
      "size" : 2853
    } ],
    "parameters" : [ ],
    "stepsCount" : 0,
    "hasContent" : true,
    "shouldDisplayMessage" : true,
    "attachmentsCount" : 1
  },
  "afterStages" : [ {
    "name" : "back_fixture::0",
    "time" : {
      "start" : 1652795385897,
      "stop" : 1652795386003,
      "duration" : 106
    },
    "status" : "passed",
    "steps" : [ ],
    "attachments" : [ ],
    "parameters" : [ ],
    "stepsCount" : 0,
    "hasContent" : false,
    "shouldDisplayMessage" : false,
    "attachmentsCount" : 0
  }, {
    "name" : "driver_fixture::0",
    "time" : {
      "start" : 1652796124797,
      "stop" : 1652796124797,
      "duration" : 0
    },
    "status" : "passed",
    "steps" : [ ],
    "attachments" : [ ],
    "parameters" : [ ],
    "stepsCount" : 0,
    "hasContent" : false,
    "shouldDisplayMessage" : false,
    "attachmentsCount" : 0
  } ],
  "labels" : [ {
    "name" : "tag",
    "value" : "@pytest.mark.usefixtures('back_fixture')"
  }, {
    "name" : "parentSuite",
    "value" : "testLock"
  }, {
    "name" : "suite",
    "value" : "test_lock"
  }, {
    "name" : "subSuite",
    "value" : "TestClok"
  }, {
    "name" : "host",
    "value" : "Win102021AVUCSJ"
  }, {
    "name" : "thread",
    "value" : "10404-MainThread"
  }, {
    "name" : "framework",
    "value" : "pytest"
  }, {
    "name" : "language",
    "value" : "cpython3"
  }, {
    "name" : "package",
    "value" : "testLock.test_lock"
  }, {
    "name" : "resultFormat",
    "value" : "allure2"
  } ],
  "parameters" : [ ],
  "links" : [ ],
  "hidden" : false,
  "retry" : false,
  "extra" : {
    "severity" : "normal",
    "retries" : [ {
      "uid" : "6b6d539e40f005d1",
      "status" : "broken",
      "statusDetails" : "selenium.common.exceptions.WebDriverException: Message: An unknown server-side error occurred while processing the command. Original error: 'GET /screenshot' cannot be proxied to UiAutomator2 server because the instrumentation process is not running (probably crashed). Check the server log and/or the logcat output for more details",
      "time" : {
        "start" : 1652713065531,
        "stop" : 1652713065531,
        "duration" : 0
      }
    }, {
      "uid" : "d891b0bb7847f6fc",
      "status" : "broken",
      "statusDetails" : "selenium.common.exceptions.WebDriverException: Message: An unknown server-side error occurred while processing the command. Original error: 'GET /screenshot' cannot be proxied to UiAutomator2 server because the instrumentation process is not running (probably crashed). Check the server log and/or the logcat output for more details",
      "time" : {
        "start" : 1652712722091,
        "stop" : 1652712722091,
        "duration" : 0
      }
    }, {
      "uid" : "1744f28ff2c450d4",
      "status" : "broken",
      "statusDetails" : "selenium.common.exceptions.TimeoutException: Message:",
      "time" : {
        "start" : 1652710824315,
        "stop" : 1652710824315,
        "duration" : 0
      }
    } ],
    "categories" : [ {
      "name" : "Test defects",
      "matchedStatuses" : [ ],
      "flaky" : false
    } ],
    "tags" : [ "@pytest.mark.usefixtures('back_fixture')" ]
  },
  "source" : "857e6ca0c7c50352.json",
  "parameterValues" : [ ]
}