{
  "uid" : "c6a25f826d20cb6a",
  "name" : "test_oldpwd_null_zj",
  "fullName" : "testGp.test_new_Gp.TestGp#test_oldpwd_null_zj",
  "historyId" : "05805db593a0cc04eee33c908038833d",
  "time" : {
    "start" : 1652712721194,
    "stop" : 1652712721194,
    "duration" : 0
  },
  "status" : "broken",
  "statusMessage" : "selenium.common.exceptions.WebDriverException: Message: An unknown server-side error occurred while processing the command. Original error: 'GET /screenshot' cannot be proxied to UiAutomator2 server because the instrumentation process is not running (probably crashed). Check the server log and/or the logcat output for more details",
  "statusTrace" : "self = <businessPage.first_page.First object at 0x00DD9130>\nloc = ('xpath', '//*[@class=\"android.widget.RadioButton\"and @index=\"3\"]')\ndesc = '交易', timeout = 10\n\n    def get_clickable_element(self,loc,desc =None,timeout=10):\n        '''获取等待元素可点击\n        判断某个元素中是否可见并且可点击element_to_be_clickable\n        param loc :元素定位器\n        param desc ：元素的描述\n        '''\n        try:\n>           ele = WebDriverWait(self.driver,timeout,0.5).until(EC.element_to_be_clickable(loc))\n\n..\\common\\common_fun.py:270: \n_ _ _ _ _ _ _ _ _ _ _ _ _ _ _ _ _ _ _ _ _ _ _ _ _ _ _ _ _ _ _ _ _ _ _ _ _ _ _ _\n\nself = <selenium.webdriver.support.wait.WebDriverWait (session=\"b50939d1-70ab-492b-86af-b09c9bb309f0\")>\nmethod = <selenium.webdriver.support.expected_conditions.element_to_be_clickable object at 0x00DD9DB0>\nmessage = ''\n\n    def until(self, method, message=''):\n        \"\"\"Calls the method provided with the driver as an argument until the \\\n        return value is not False.\"\"\"\n        screen = None\n        stacktrace = None\n    \n        end_time = time.time() + self._timeout\n        while True:\n            try:\n>               value = method(self._driver)\n\n..\\..\\python\\lib\\site-packages\\selenium\\webdriver\\support\\wait.py:71: \n_ _ _ _ _ _ _ _ _ _ _ _ _ _ _ _ _ _ _ _ _ _ _ _ _ _ _ _ _ _ _ _ _ _ _ _ _ _ _ _\n\nself = <selenium.webdriver.support.expected_conditions.element_to_be_clickable object at 0x00DD9DB0>\ndriver = <appium.webdriver.webdriver.WebDriver (session=\"b50939d1-70ab-492b-86af-b09c9bb309f0\")>\n\n    def __call__(self, driver):\n>       element = visibility_of_element_located(self.locator)(driver)\n\n..\\..\\python\\lib\\site-packages\\selenium\\webdriver\\support\\expected_conditions.py:297: \n_ _ _ _ _ _ _ _ _ _ _ _ _ _ _ _ _ _ _ _ _ _ _ _ _ _ _ _ _ _ _ _ _ _ _ _ _ _ _ _\n\nself = <selenium.webdriver.support.expected_conditions.visibility_of_element_located object at 0x00DD9350>\ndriver = <appium.webdriver.webdriver.WebDriver (session=\"b50939d1-70ab-492b-86af-b09c9bb309f0\")>\n\n    def __call__(self, driver):\n        try:\n>           return _element_if_visible(_find_element(driver, self.locator))\n\n..\\..\\python\\lib\\site-packages\\selenium\\webdriver\\support\\expected_conditions.py:128: \n_ _ _ _ _ _ _ _ _ _ _ _ _ _ _ _ _ _ _ _ _ _ _ _ _ _ _ _ _ _ _ _ _ _ _ _ _ _ _ _\n\ndriver = <appium.webdriver.webdriver.WebDriver (session=\"b50939d1-70ab-492b-86af-b09c9bb309f0\")>\nby = ('xpath', '//*[@class=\"android.widget.RadioButton\"and @index=\"3\"]')\n\n    def _find_element(driver, by):\n        \"\"\"Looks up an element. Logs and re-raises ``WebDriverException``\n        if thrown.\"\"\"\n        try:\n            return driver.find_element(*by)\n        except NoSuchElementException as e:\n            raise e\n        except WebDriverException as e:\n>           raise e\n\n..\\..\\python\\lib\\site-packages\\selenium\\webdriver\\support\\expected_conditions.py:415: \n_ _ _ _ _ _ _ _ _ _ _ _ _ _ _ _ _ _ _ _ _ _ _ _ _ _ _ _ _ _ _ _ _ _ _ _ _ _ _ _\n\ndriver = <appium.webdriver.webdriver.WebDriver (session=\"b50939d1-70ab-492b-86af-b09c9bb309f0\")>\nby = ('xpath', '//*[@class=\"android.widget.RadioButton\"and @index=\"3\"]')\n\n    def _find_element(driver, by):\n        \"\"\"Looks up an element. Logs and re-raises ``WebDriverException``\n        if thrown.\"\"\"\n        try:\n>           return driver.find_element(*by)\n\n..\\..\\python\\lib\\site-packages\\selenium\\webdriver\\support\\expected_conditions.py:411: \n_ _ _ _ _ _ _ _ _ _ _ _ _ _ _ _ _ _ _ _ _ _ _ _ _ _ _ _ _ _ _ _ _ _ _ _ _ _ _ _\n\nself = <appium.webdriver.webdriver.WebDriver (session=\"b50939d1-70ab-492b-86af-b09c9bb309f0\")>\nby = 'xpath', value = '//*[@class=\"android.widget.RadioButton\"and @index=\"3\"]'\n\n    def find_element(self, by: str = By.ID, value: Union[str, Dict] = None) -> MobileWebElement:\n        \"\"\"'Private' method used by the find_element_by_* methods.\n    \n        Override for Appium\n    \n        Usage:\n            Use the corresponding find_element_by_* instead of this.\n    \n        Returns:\n            `appium.webdriver.webelement.WebElement`: The found element\n    \n        \"\"\"\n        # TODO: If we need, we should enable below converter for Web context\n        # if self.w3c:\n        #     if by == By.ID:\n        #         by = By.CSS_SELECTOR\n        #         value = '[id=\"%s\"]' % value\n        #     elif by == By.TAG_NAME:\n        #         by = By.CSS_SELECTOR\n        #     elif by == By.CLASS_NAME:\n        #         by = By.CSS_SELECTOR\n        #         value = \".%s\" % value\n        #     elif by == By.NAME:\n        #         by = By.CSS_SELECTOR\n        #         value = '[name=\"%s\"]' % value\n    \n>       return self.execute(RemoteCommand.FIND_ELEMENT, {'using': by, 'value': value})['value']\n\n..\\..\\python\\lib\\site-packages\\appium\\webdriver\\webdriver.py:283: \n_ _ _ _ _ _ _ _ _ _ _ _ _ _ _ _ _ _ _ _ _ _ _ _ _ _ _ _ _ _ _ _ _ _ _ _ _ _ _ _\n\nself = <appium.webdriver.webdriver.WebDriver (session=\"b50939d1-70ab-492b-86af-b09c9bb309f0\")>\ndriver_command = 'findElement'\nparams = {'using': 'xpath', 'value': '//*[@class=\"android.widget.RadioButton\"and @index=\"3\"]'}\n\n    def execute(self, driver_command, params=None):\n        \"\"\"\n        Sends a command to be executed by a command.CommandExecutor.\n    \n        :Args:\n         - driver_command: The name of the command to execute as a string.\n         - params: A dictionary of named parameters to send with the command.\n    \n        :Returns:\n          The command's JSON response loaded into a dictionary object.\n        \"\"\"\n        if self.session_id is not None:\n            if not params:\n                params = {'sessionId': self.session_id}\n            elif 'sessionId' not in params:\n                params['sessionId'] = self.session_id\n    \n        params = self._wrap_value(params)\n        response = self.command_executor.execute(driver_command, params)\n        if response:\n>           self.error_handler.check_response(response)\n\n..\\..\\python\\lib\\site-packages\\selenium\\webdriver\\remote\\webdriver.py:321: \n_ _ _ _ _ _ _ _ _ _ _ _ _ _ _ _ _ _ _ _ _ _ _ _ _ _ _ _ _ _ _ _ _ _ _ _ _ _ _ _\n\nself = <appium.webdriver.errorhandler.MobileErrorHandler object at 0x03D5E2F0>\nresponse = {'status': 500, 'value': '{\"value\":{\"error\":\"unknown error\",\"message\":\"An unknown server-side error occurred while pro...13)\\\\n    at runMicrotasks (<anonymous>)\\\\n    at processTicksAndRejections (internal/process/task_queues.js:85:5)\"}}'}\n\n    def check_response(self, response: Dict) -> None:\n        try:\n            super().check_response(response)\n        except WebDriverException as wde:\n            if wde.msg == 'No such context found.':\n                raise NoSuchContextException(wde.msg, wde.screen, wde.stacktrace) from wde\n            else:\n>               raise wde\n\n..\\..\\python\\lib\\site-packages\\appium\\webdriver\\errorhandler.py:31: \n_ _ _ _ _ _ _ _ _ _ _ _ _ _ _ _ _ _ _ _ _ _ _ _ _ _ _ _ _ _ _ _ _ _ _ _ _ _ _ _\n\nself = <appium.webdriver.errorhandler.MobileErrorHandler object at 0x03D5E2F0>\nresponse = {'status': 500, 'value': '{\"value\":{\"error\":\"unknown error\",\"message\":\"An unknown server-side error occurred while pro...13)\\\\n    at runMicrotasks (<anonymous>)\\\\n    at processTicksAndRejections (internal/process/task_queues.js:85:5)\"}}'}\n\n    def check_response(self, response: Dict) -> None:\n        try:\n>           super().check_response(response)\n\n..\\..\\python\\lib\\site-packages\\appium\\webdriver\\errorhandler.py:26: \n_ _ _ _ _ _ _ _ _ _ _ _ _ _ _ _ _ _ _ _ _ _ _ _ _ _ _ _ _ _ _ _ _ _ _ _ _ _ _ _\n\nself = <appium.webdriver.errorhandler.MobileErrorHandler object at 0x03D5E2F0>\nresponse = {'status': 500, 'value': '{\"value\":{\"error\":\"unknown error\",\"message\":\"An unknown server-side error occurred while pro...13)\\\\n    at runMicrotasks (<anonymous>)\\\\n    at processTicksAndRejections (internal/process/task_queues.js:85:5)\"}}'}\n\n    def check_response(self, response):\n        \"\"\"\n        Checks that a JSON response from the WebDriver does not have an error.\n    \n        :Args:\n         - response - The JSON response from the WebDriver server as a dictionary\n           object.\n    \n        :Raises: If the response contains an error message.\n        \"\"\"\n        status = response.get('status', None)\n        if status is None or status == ErrorCode.SUCCESS:\n            return\n        value = None\n        message = response.get(\"message\", \"\")\n        screen = response.get(\"screen\", \"\")\n        stacktrace = None\n        if isinstance(status, int):\n            value_json = response.get('value', None)\n            if value_json and isinstance(value_json, basestring):\n                import json\n                try:\n                    value = json.loads(value_json)\n                    if len(value.keys()) == 1:\n                        value = value['value']\n                    status = value.get('error', None)\n                    if status is None:\n                        status = value[\"status\"]\n                        message = value[\"value\"]\n                        if not isinstance(message, basestring):\n                            value = message\n                            message = message.get('message')\n                    else:\n                        message = value.get('message', None)\n                except ValueError:\n                    pass\n    \n        exception_class = ErrorInResponseException\n        if status in ErrorCode.NO_SUCH_ELEMENT:\n            exception_class = NoSuchElementException\n        elif status in ErrorCode.NO_SUCH_FRAME:\n            exception_class = NoSuchFrameException\n        elif status in ErrorCode.NO_SUCH_WINDOW:\n            exception_class = NoSuchWindowException\n        elif status in ErrorCode.STALE_ELEMENT_REFERENCE:\n            exception_class = StaleElementReferenceException\n        elif status in ErrorCode.ELEMENT_NOT_VISIBLE:\n            exception_class = ElementNotVisibleException\n        elif status in ErrorCode.INVALID_ELEMENT_STATE:\n            exception_class = InvalidElementStateException\n        elif status in ErrorCode.INVALID_SELECTOR \\\n                or status in ErrorCode.INVALID_XPATH_SELECTOR \\\n                or status in ErrorCode.INVALID_XPATH_SELECTOR_RETURN_TYPER:\n            exception_class = InvalidSelectorException\n        elif status in ErrorCode.ELEMENT_IS_NOT_SELECTABLE:\n            exception_class = ElementNotSelectableException\n        elif status in ErrorCode.ELEMENT_NOT_INTERACTABLE:\n            exception_class = ElementNotInteractableException\n        elif status in ErrorCode.INVALID_COOKIE_DOMAIN:\n            exception_class = InvalidCookieDomainException\n        elif status in ErrorCode.UNABLE_TO_SET_COOKIE:\n            exception_class = UnableToSetCookieException\n        elif status in ErrorCode.TIMEOUT:\n            exception_class = TimeoutException\n        elif status in ErrorCode.SCRIPT_TIMEOUT:\n            exception_class = TimeoutException\n        elif status in ErrorCode.UNKNOWN_ERROR:\n            exception_class = WebDriverException\n        elif status in ErrorCode.UNEXPECTED_ALERT_OPEN:\n            exception_class = UnexpectedAlertPresentException\n        elif status in ErrorCode.NO_ALERT_OPEN:\n            exception_class = NoAlertPresentException\n        elif status in ErrorCode.IME_NOT_AVAILABLE:\n            exception_class = ImeNotAvailableException\n        elif status in ErrorCode.IME_ENGINE_ACTIVATION_FAILED:\n            exception_class = ImeActivationFailedException\n        elif status in ErrorCode.MOVE_TARGET_OUT_OF_BOUNDS:\n            exception_class = MoveTargetOutOfBoundsException\n        elif status in ErrorCode.JAVASCRIPT_ERROR:\n            exception_class = JavascriptException\n        elif status in ErrorCode.SESSION_NOT_CREATED:\n            exception_class = SessionNotCreatedException\n        elif status in ErrorCode.INVALID_ARGUMENT:\n            exception_class = InvalidArgumentException\n        elif status in ErrorCode.NO_SUCH_COOKIE:\n            exception_class = NoSuchCookieException\n        elif status in ErrorCode.UNABLE_TO_CAPTURE_SCREEN:\n            exception_class = ScreenshotException\n        elif status in ErrorCode.ELEMENT_CLICK_INTERCEPTED:\n            exception_class = ElementClickInterceptedException\n        elif status in ErrorCode.INSECURE_CERTIFICATE:\n            exception_class = InsecureCertificateException\n        elif status in ErrorCode.INVALID_COORDINATES:\n            exception_class = InvalidCoordinatesException\n        elif status in ErrorCode.INVALID_SESSION_ID:\n            exception_class = InvalidSessionIdException\n        elif status in ErrorCode.UNKNOWN_METHOD:\n            exception_class = UnknownMethodException\n        else:\n            exception_class = WebDriverException\n        if value == '' or value is None:\n            value = response['value']\n        if isinstance(value, basestring):\n            if exception_class == ErrorInResponseException:\n                raise exception_class(response, value)\n            raise exception_class(value)\n        if message == \"\" and 'message' in value:\n            message = value['message']\n    \n        screen = None\n        if 'screen' in value:\n            screen = value['screen']\n    \n        stacktrace = None\n        if 'stackTrace' in value and value['stackTrace']:\n            stacktrace = []\n            try:\n                for frame in value['stackTrace']:\n                    line = self._value_or_default(frame, 'lineNumber', '')\n                    file = self._value_or_default(frame, 'fileName', '<anonymous>')\n                    if line:\n                        file = \"%s:%s\" % (file, line)\n                    meth = self._value_or_default(frame, 'methodName', '<anonymous>')\n                    if 'className' in frame:\n                        meth = \"%s.%s\" % (frame['className'], meth)\n                    msg = \"    at %s (%s)\"\n                    msg = msg % (meth, file)\n                    stacktrace.append(msg)\n            except TypeError:\n                pass\n        if exception_class == ErrorInResponseException:\n            raise exception_class(response, message)\n        elif exception_class == UnexpectedAlertPresentException:\n            alert_text = None\n            if 'data' in value:\n                alert_text = value['data'].get('text')\n            elif 'alert' in value:\n                alert_text = value['alert'].get('text')\n            raise exception_class(message, screen, stacktrace, alert_text)\n>       raise exception_class(message, screen, stacktrace)\nE       selenium.common.exceptions.WebDriverException: Message: An unknown server-side error occurred while processing the command. Original error: 'POST /element' cannot be proxied to UiAutomator2 server because the instrumentation process is not running (probably crashed). Check the server log and/or the logcat output for more details\n\n..\\..\\python\\lib\\site-packages\\selenium\\webdriver\\remote\\errorhandler.py:242: WebDriverException\n\nDuring handling of the above exception, another exception occurred:\n\ndriver_fixture = <appium.webdriver.webdriver.WebDriver (session=\"b50939d1-70ab-492b-86af-b09c9bb309f0\")>\n\n    @pytest.fixture(scope='session',autouse=False)\n    def gp_login_fixture(driver_fixture):\n        csv_file=BASE_DIR + '\\datas\\login.csv'\n        print(\"csv_file:%s\"%csv_file)\n        driver=driver_fixture\n        com=Common(driver)\n        data=com.get_csv_data(csv_file,2)\n        time.sleep(2)\n        trd=First(driver)\n>       trd.to_login()\n\nconftest.py:52: \n_ _ _ _ _ _ _ _ _ _ _ _ _ _ _ _ _ _ _ _ _ _ _ _ _ _ _ _ _ _ _ _ _ _ _ _ _ _ _ _\n..\\businessPage\\first_page.py:40: in to_login\n    self.get_clickable_element(self.trade, \"交易\")\n..\\common\\common_fun.py:275: in get_clickable_element\n    self.error_save_screenshot(desc)\n..\\common\\common_fun.py:258: in error_save_screenshot\n    raise e\n..\\common\\common_fun.py:254: in error_save_screenshot\n    self.driver.save_screenshot(file_path)\n..\\..\\python\\lib\\site-packages\\selenium\\webdriver\\remote\\webdriver.py:1055: in save_screenshot\n    return self.get_screenshot_as_file(filename)\n..\\..\\python\\lib\\site-packages\\selenium\\webdriver\\remote\\webdriver.py:1032: in get_screenshot_as_file\n    png = self.get_screenshot_as_png()\n..\\..\\python\\lib\\site-packages\\selenium\\webdriver\\remote\\webdriver.py:1064: in get_screenshot_as_png\n    return base64.b64decode(self.get_screenshot_as_base64().encode('ascii'))\n..\\..\\python\\lib\\site-packages\\selenium\\webdriver\\remote\\webdriver.py:1074: in get_screenshot_as_base64\n    return self.execute(Command.SCREENSHOT)['value']\n..\\..\\python\\lib\\site-packages\\selenium\\webdriver\\remote\\webdriver.py:321: in execute\n    self.error_handler.check_response(response)\n..\\..\\python\\lib\\site-packages\\appium\\webdriver\\errorhandler.py:31: in check_response\n    raise wde\n..\\..\\python\\lib\\site-packages\\appium\\webdriver\\errorhandler.py:26: in check_response\n    super().check_response(response)\n_ _ _ _ _ _ _ _ _ _ _ _ _ _ _ _ _ _ _ _ _ _ _ _ _ _ _ _ _ _ _ _ _ _ _ _ _ _ _ _\n\nself = <appium.webdriver.errorhandler.MobileErrorHandler object at 0x03D5E2F0>\nresponse = {'status': 500, 'value': '{\"value\":{\"error\":\"unknown error\",\"message\":\"An unknown server-side error occurred while pro...13)\\\\n    at runMicrotasks (<anonymous>)\\\\n    at processTicksAndRejections (internal/process/task_queues.js:85:5)\"}}'}\n\n    def check_response(self, response):\n        \"\"\"\n        Checks that a JSON response from the WebDriver does not have an error.\n    \n        :Args:\n         - response - The JSON response from the WebDriver server as a dictionary\n           object.\n    \n        :Raises: If the response contains an error message.\n        \"\"\"\n        status = response.get('status', None)\n        if status is None or status == ErrorCode.SUCCESS:\n            return\n        value = None\n        message = response.get(\"message\", \"\")\n        screen = response.get(\"screen\", \"\")\n        stacktrace = None\n        if isinstance(status, int):\n            value_json = response.get('value', None)\n            if value_json and isinstance(value_json, basestring):\n                import json\n                try:\n                    value = json.loads(value_json)\n                    if len(value.keys()) == 1:\n                        value = value['value']\n                    status = value.get('error', None)\n                    if status is None:\n                        status = value[\"status\"]\n                        message = value[\"value\"]\n                        if not isinstance(message, basestring):\n                            value = message\n                            message = message.get('message')\n                    else:\n                        message = value.get('message', None)\n                except ValueError:\n                    pass\n    \n        exception_class = ErrorInResponseException\n        if status in ErrorCode.NO_SUCH_ELEMENT:\n            exception_class = NoSuchElementException\n        elif status in ErrorCode.NO_SUCH_FRAME:\n            exception_class = NoSuchFrameException\n        elif status in ErrorCode.NO_SUCH_WINDOW:\n            exception_class = NoSuchWindowException\n        elif status in ErrorCode.STALE_ELEMENT_REFERENCE:\n            exception_class = StaleElementReferenceException\n        elif status in ErrorCode.ELEMENT_NOT_VISIBLE:\n            exception_class = ElementNotVisibleException\n        elif status in ErrorCode.INVALID_ELEMENT_STATE:\n            exception_class = InvalidElementStateException\n        elif status in ErrorCode.INVALID_SELECTOR \\\n                or status in ErrorCode.INVALID_XPATH_SELECTOR \\\n                or status in ErrorCode.INVALID_XPATH_SELECTOR_RETURN_TYPER:\n            exception_class = InvalidSelectorException\n        elif status in ErrorCode.ELEMENT_IS_NOT_SELECTABLE:\n            exception_class = ElementNotSelectableException\n        elif status in ErrorCode.ELEMENT_NOT_INTERACTABLE:\n            exception_class = ElementNotInteractableException\n        elif status in ErrorCode.INVALID_COOKIE_DOMAIN:\n            exception_class = InvalidCookieDomainException\n        elif status in ErrorCode.UNABLE_TO_SET_COOKIE:\n            exception_class = UnableToSetCookieException\n        elif status in ErrorCode.TIMEOUT:\n            exception_class = TimeoutException\n        elif status in ErrorCode.SCRIPT_TIMEOUT:\n            exception_class = TimeoutException\n        elif status in ErrorCode.UNKNOWN_ERROR:\n            exception_class = WebDriverException\n        elif status in ErrorCode.UNEXPECTED_ALERT_OPEN:\n            exception_class = UnexpectedAlertPresentException\n        elif status in ErrorCode.NO_ALERT_OPEN:\n            exception_class = NoAlertPresentException\n        elif status in ErrorCode.IME_NOT_AVAILABLE:\n            exception_class = ImeNotAvailableException\n        elif status in ErrorCode.IME_ENGINE_ACTIVATION_FAILED:\n            exception_class = ImeActivationFailedException\n        elif status in ErrorCode.MOVE_TARGET_OUT_OF_BOUNDS:\n            exception_class = MoveTargetOutOfBoundsException\n        elif status in ErrorCode.JAVASCRIPT_ERROR:\n            exception_class = JavascriptException\n        elif status in ErrorCode.SESSION_NOT_CREATED:\n            exception_class = SessionNotCreatedException\n        elif status in ErrorCode.INVALID_ARGUMENT:\n            exception_class = InvalidArgumentException\n        elif status in ErrorCode.NO_SUCH_COOKIE:\n            exception_class = NoSuchCookieException\n        elif status in ErrorCode.UNABLE_TO_CAPTURE_SCREEN:\n            exception_class = ScreenshotException\n        elif status in ErrorCode.ELEMENT_CLICK_INTERCEPTED:\n            exception_class = ElementClickInterceptedException\n        elif status in ErrorCode.INSECURE_CERTIFICATE:\n            exception_class = InsecureCertificateException\n        elif status in ErrorCode.INVALID_COORDINATES:\n            exception_class = InvalidCoordinatesException\n        elif status in ErrorCode.INVALID_SESSION_ID:\n            exception_class = InvalidSessionIdException\n        elif status in ErrorCode.UNKNOWN_METHOD:\n            exception_class = UnknownMethodException\n        else:\n            exception_class = WebDriverException\n        if value == '' or value is None:\n            value = response['value']\n        if isinstance(value, basestring):\n            if exception_class == ErrorInResponseException:\n                raise exception_class(response, value)\n            raise exception_class(value)\n        if message == \"\" and 'message' in value:\n            message = value['message']\n    \n        screen = None\n        if 'screen' in value:\n            screen = value['screen']\n    \n        stacktrace = None\n        if 'stackTrace' in value and value['stackTrace']:\n            stacktrace = []\n            try:\n                for frame in value['stackTrace']:\n                    line = self._value_or_default(frame, 'lineNumber', '')\n                    file = self._value_or_default(frame, 'fileName', '<anonymous>')\n                    if line:\n                        file = \"%s:%s\" % (file, line)\n                    meth = self._value_or_default(frame, 'methodName', '<anonymous>')\n                    if 'className' in frame:\n                        meth = \"%s.%s\" % (frame['className'], meth)\n                    msg = \"    at %s (%s)\"\n                    msg = msg % (meth, file)\n                    stacktrace.append(msg)\n            except TypeError:\n                pass\n        if exception_class == ErrorInResponseException:\n            raise exception_class(response, message)\n        elif exception_class == UnexpectedAlertPresentException:\n            alert_text = None\n            if 'data' in value:\n                alert_text = value['data'].get('text')\n            elif 'alert' in value:\n                alert_text = value['alert'].get('text')\n            raise exception_class(message, screen, stacktrace, alert_text)\n>       raise exception_class(message, screen, stacktrace)\nE       selenium.common.exceptions.WebDriverException: Message: An unknown server-side error occurred while processing the command. Original error: 'GET /screenshot' cannot be proxied to UiAutomator2 server because the instrumentation process is not running (probably crashed). Check the server log and/or the logcat output for more details\n\n..\\..\\python\\lib\\site-packages\\selenium\\webdriver\\remote\\errorhandler.py:242: WebDriverException",
  "flaky" : false,
  "newFailed" : false,
  "beforeStages" : [ {
    "name" : "old_pwd",
    "time" : {
      "start" : 1652712698787,
      "stop" : 1652712698787,
      "duration" : 0
    },
    "status" : "passed",
    "steps" : [ ],
    "attachments" : [ ],
    "parameters" : [ ],
    "stepsCount" : 0,
    "hasContent" : false,
    "shouldDisplayMessage" : false,
    "attachmentsCount" : 0
  }, {
    "name" : "login_fixture",
    "time" : {
      "start" : 1652712551663,
      "stop" : 1652712568697,
      "duration" : 17034
    },
    "status" : "passed",
    "steps" : [ ],
    "attachments" : [ ],
    "parameters" : [ ],
    "stepsCount" : 0,
    "hasContent" : false,
    "shouldDisplayMessage" : false,
    "attachmentsCount" : 0
  }, {
    "name" : "back_fixture",
    "time" : {
      "start" : 1652712721810,
      "stop" : 1652712721811,
      "duration" : 1
    },
    "status" : "passed",
    "steps" : [ ],
    "attachments" : [ ],
    "parameters" : [ ],
    "stepsCount" : 0,
    "hasContent" : false,
    "shouldDisplayMessage" : false,
    "attachmentsCount" : 0
  }, {
    "name" : "gp_login_fixture",
    "time" : {
      "start" : 1652712711590,
      "stop" : 1652712716603,
      "duration" : 5013
    },
    "status" : "broken",
    "statusMessage" : "selenium.common.exceptions.WebDriverException: Message: An unknown server-side error occurred while processing the command. Original error: 'GET /screenshot' cannot be proxied to UiAutomator2 server because the instrumentation process is not running (probably crashed). Check the server log and/or the logcat output for more details\n\n",
    "statusTrace" : "  File \"D:\\xiaxy\\python\\lib\\site-packages\\pluggy\\callers.py\", line 187, in _multicall\n    res = hook_impl.function(*args)\n  File \"D:\\xiaxy\\python\\lib\\site-packages\\_pytest\\fixtures.py\", line 1126, in pytest_fixture_setup\n    result = call_fixture_func(fixturefunc, request, kwargs)\n  File \"D:\\xiaxy\\python\\lib\\site-packages\\_pytest\\fixtures.py\", line 932, in call_fixture_func\n    fixture_result = fixturefunc(**kwargs)\n  File \"D:\\xiaxy\\automation_test2022.4.22\\testcases\\conftest.py\", line 52, in gp_login_fixture\n    trd.to_login()\n  File \"D:\\xiaxy\\automation_test2022.4.22\\businessPage\\first_page.py\", line 40, in to_login\n    self.get_clickable_element(self.trade, \"交易\")\n  File \"D:\\xiaxy\\automation_test2022.4.22\\common\\common_fun.py\", line 275, in get_clickable_element\n    self.error_save_screenshot(desc)\n  File \"D:\\xiaxy\\automation_test2022.4.22\\common\\common_fun.py\", line 258, in error_save_screenshot\n    raise e\n  File \"D:\\xiaxy\\automation_test2022.4.22\\common\\common_fun.py\", line 254, in error_save_screenshot\n    self.driver.save_screenshot(file_path)\n  File \"D:\\xiaxy\\python\\lib\\site-packages\\selenium\\webdriver\\remote\\webdriver.py\", line 1055, in save_screenshot\n    return self.get_screenshot_as_file(filename)\n  File \"D:\\xiaxy\\python\\lib\\site-packages\\selenium\\webdriver\\remote\\webdriver.py\", line 1032, in get_screenshot_as_file\n    png = self.get_screenshot_as_png()\n  File \"D:\\xiaxy\\python\\lib\\site-packages\\selenium\\webdriver\\remote\\webdriver.py\", line 1064, in get_screenshot_as_png\n    return base64.b64decode(self.get_screenshot_as_base64().encode('ascii'))\n  File \"D:\\xiaxy\\python\\lib\\site-packages\\selenium\\webdriver\\remote\\webdriver.py\", line 1074, in get_screenshot_as_base64\n    return self.execute(Command.SCREENSHOT)['value']\n  File \"D:\\xiaxy\\python\\lib\\site-packages\\selenium\\webdriver\\remote\\webdriver.py\", line 321, in execute\n    self.error_handler.check_response(response)\n  File \"D:\\xiaxy\\python\\lib\\site-packages\\appium\\webdriver\\errorhandler.py\", line 31, in check_response\n    raise wde\n  File \"D:\\xiaxy\\python\\lib\\site-packages\\appium\\webdriver\\errorhandler.py\", line 26, in check_response\n    super().check_response(response)\n  File \"D:\\xiaxy\\python\\lib\\site-packages\\selenium\\webdriver\\remote\\errorhandler.py\", line 242, in check_response\n    raise exception_class(message, screen, stacktrace)\n",
    "steps" : [ ],
    "attachments" : [ ],
    "parameters" : [ ],
    "stepsCount" : 0,
    "hasContent" : true,
    "shouldDisplayMessage" : true,
    "attachmentsCount" : 0
  }, {
    "name" : "driver_fixture",
    "time" : {
      "start" : 1652712517183,
      "stop" : 1652712551663,
      "duration" : 34480
    },
    "status" : "passed",
    "steps" : [ ],
    "attachments" : [ ],
    "parameters" : [ ],
    "stepsCount" : 0,
    "hasContent" : false,
    "shouldDisplayMessage" : false,
    "attachmentsCount" : 0
  } ],
  "afterStages" : [ {
    "name" : "old_pwd::0",
    "time" : {
      "start" : 1652712732959,
      "stop" : 1652712732959,
      "duration" : 0
    },
    "status" : "passed",
    "steps" : [ ],
    "attachments" : [ ],
    "parameters" : [ ],
    "stepsCount" : 0,
    "hasContent" : false,
    "shouldDisplayMessage" : false,
    "attachmentsCount" : 0
  }, {
    "name" : "back_fixture::0",
    "time" : {
      "start" : 1652712721929,
      "stop" : 1652712721941,
      "duration" : 12
    },
    "status" : "broken",
    "statusMessage" : "selenium.common.exceptions.WebDriverException: Message: An unknown server-side error occurred while processing the command. Original error: 'GET /screenshot' cannot be proxied to UiAutomator2 server because the instrumentation process is not running (probably crashed). Check the server log and/or the logcat output for more details\n\n",
    "statusTrace" : "  File \"D:\\xiaxy\\python\\lib\\site-packages\\allure_commons\\_allure.py\", line 200, in __call__\n    return self._fixture_function(*args, **kwargs)\n  File \"D:\\xiaxy\\python\\lib\\site-packages\\_pytest\\fixtures.py\", line 941, in _teardown_yield_fixture\n    next(it)\n  File \"D:\\xiaxy\\automation_test2022.4.22\\testcases\\conftest.py\", line 74, in back_fixture\n    com.back()\n  File \"D:\\xiaxy\\automation_test2022.4.22\\common\\common_fun.py\", line 367, in back\n    self.get_clickable_element(self.Back,\"返回\")\n  File \"D:\\xiaxy\\automation_test2022.4.22\\common\\common_fun.py\", line 275, in get_clickable_element\n    self.error_save_screenshot(desc)\n  File \"D:\\xiaxy\\automation_test2022.4.22\\common\\common_fun.py\", line 258, in error_save_screenshot\n    raise e\n  File \"D:\\xiaxy\\automation_test2022.4.22\\common\\common_fun.py\", line 254, in error_save_screenshot\n    self.driver.save_screenshot(file_path)\n  File \"D:\\xiaxy\\python\\lib\\site-packages\\selenium\\webdriver\\remote\\webdriver.py\", line 1055, in save_screenshot\n    return self.get_screenshot_as_file(filename)\n  File \"D:\\xiaxy\\python\\lib\\site-packages\\selenium\\webdriver\\remote\\webdriver.py\", line 1032, in get_screenshot_as_file\n    png = self.get_screenshot_as_png()\n  File \"D:\\xiaxy\\python\\lib\\site-packages\\selenium\\webdriver\\remote\\webdriver.py\", line 1064, in get_screenshot_as_png\n    return base64.b64decode(self.get_screenshot_as_base64().encode('ascii'))\n  File \"D:\\xiaxy\\python\\lib\\site-packages\\selenium\\webdriver\\remote\\webdriver.py\", line 1074, in get_screenshot_as_base64\n    return self.execute(Command.SCREENSHOT)['value']\n  File \"D:\\xiaxy\\python\\lib\\site-packages\\selenium\\webdriver\\remote\\webdriver.py\", line 321, in execute\n    self.error_handler.check_response(response)\n  File \"D:\\xiaxy\\python\\lib\\site-packages\\appium\\webdriver\\errorhandler.py\", line 31, in check_response\n    raise wde\n  File \"D:\\xiaxy\\python\\lib\\site-packages\\appium\\webdriver\\errorhandler.py\", line 26, in check_response\n    super().check_response(response)\n  File \"D:\\xiaxy\\python\\lib\\site-packages\\selenium\\webdriver\\remote\\errorhandler.py\", line 242, in check_response\n    raise exception_class(message, screen, stacktrace)\n",
    "steps" : [ ],
    "attachments" : [ ],
    "parameters" : [ ],
    "stepsCount" : 0,
    "hasContent" : true,
    "shouldDisplayMessage" : true,
    "attachmentsCount" : 0
  }, {
    "name" : "driver_fixture::0",
    "time" : {
      "start" : 1652712732966,
      "stop" : 1652712732966,
      "duration" : 0
    },
    "status" : "passed",
    "steps" : [ ],
    "attachments" : [ ],
    "parameters" : [ ],
    "stepsCount" : 0,
    "hasContent" : false,
    "shouldDisplayMessage" : false,
    "attachmentsCount" : 0
  } ],
  "labels" : [ {
    "name" : "tag",
    "value" : "@pytest.mark.usefixtures('back_fixture')"
  }, {
    "name" : "parentSuite",
    "value" : "testGp"
  }, {
    "name" : "suite",
    "value" : "test_new_Gp"
  }, {
    "name" : "subSuite",
    "value" : "TestGp"
  }, {
    "name" : "host",
    "value" : "Win102021AVUCSJ"
  }, {
    "name" : "thread",
    "value" : "9516-MainThread"
  }, {
    "name" : "framework",
    "value" : "pytest"
  }, {
    "name" : "language",
    "value" : "cpython3"
  }, {
    "name" : "package",
    "value" : "testGp.test_new_Gp"
  }, {
    "name" : "resultFormat",
    "value" : "allure2"
  } ],
  "parameters" : [ ],
  "links" : [ ],
  "hidden" : true,
  "retry" : true,
  "extra" : {
    "categories" : [ ],
    "tags" : [ "@pytest.mark.usefixtures('back_fixture')" ]
  },
  "source" : "c6a25f826d20cb6a.json",
  "parameterValues" : [ ]
}