{
  "uid" : "ce8ae6b6ce56daca",
  "name" : "test_cancel_buy",
  "fullName" : "testCancelOrder.test_Qcancelorder.TestCancelOrder#test_cancel_buy",
  "historyId" : "5b67d95dcab8662d6877883ace8bc240",
  "time" : {
    "start" : 1652712842698,
    "stop" : 1652712854141,
    "duration" : 11443
  },
  "status" : "broken",
  "statusMessage" : "selenium.common.exceptions.TimeoutException: Message:",
  "statusTrace" : "self = <testcases.testCancelOrder.test_Qcancelorder.TestCancelOrder object at 0x00E27390>\nsetup_fixture = (<businessPage.cancel_order_page.CancelOrder object at 0x00E278F0>, <businessPage.trade_first_page.TradeFirst object a...<businessPage.choice_oder_page.ChoiceOrder object at 0x00E275B0>, <businessPage.order_page.Order object at 0x00E27C10>)\n\n    @pytest.mark.usefixtures('back_fixture')\n    def test_cancel_buy(self,setup_fixture):\n        cancleorder,tradehome,choiceorder,order= setup_fixture\n        # 构造1个买入撤单数据\n>       tradehome.to_trade_page()\n\ntestCancelOrder\\test_Qcancelorder.py:74: \n_ _ _ _ _ _ _ _ _ _ _ _ _ _ _ _ _ _ _ _ _ _ _ _ _ _ _ _ _ _ _ _ _ _ _ _ _ _ _ _\n..\\businessPage\\trade_first_page.py:40: in to_trade_page\n    self.get_clickable_element(self.trade_page,\"交易\")\n..\\common\\common_fun.py:276: in get_clickable_element\n    raise e\n..\\common\\common_fun.py:270: in get_clickable_element\n    ele = WebDriverWait(self.driver,timeout,0.5).until(EC.element_to_be_clickable(loc))\n_ _ _ _ _ _ _ _ _ _ _ _ _ _ _ _ _ _ _ _ _ _ _ _ _ _ _ _ _ _ _ _ _ _ _ _ _ _ _ _\n\nself = <selenium.webdriver.support.wait.WebDriverWait (session=\"3e7e3322-ff2d-4f2a-953a-a52f7e784abd\")>\nmethod = <selenium.webdriver.support.expected_conditions.element_to_be_clickable object at 0x00E27950>\nmessage = ''\n\n    def until(self, method, message=''):\n        \"\"\"Calls the method provided with the driver as an argument until the \\\n        return value is not False.\"\"\"\n        screen = None\n        stacktrace = None\n    \n        end_time = time.time() + self._timeout\n        while True:\n            try:\n                value = method(self._driver)\n                if value:\n                    return value\n            except self._ignored_exceptions as exc:\n                screen = getattr(exc, 'screen', None)\n                stacktrace = getattr(exc, 'stacktrace', None)\n            time.sleep(self._poll)\n            if time.time() > end_time:\n                break\n>       raise TimeoutException(message, screen, stacktrace)\nE       selenium.common.exceptions.TimeoutException: Message:\n\n..\\..\\python\\lib\\site-packages\\selenium\\webdriver\\support\\wait.py:80: TimeoutException",
  "flaky" : false,
  "newFailed" : false,
  "beforeStages" : [ {
    "name" : "driver_fixture",
    "time" : {
      "start" : 1652712691148,
      "stop" : 1652712727823,
      "duration" : 36675
    },
    "status" : "passed",
    "steps" : [ ],
    "attachments" : [ ],
    "parameters" : [ ],
    "stepsCount" : 0,
    "hasContent" : false,
    "shouldDisplayMessage" : false,
    "attachmentsCount" : 0
  }, {
    "name" : "back_fixture",
    "time" : {
      "start" : 1652712842698,
      "stop" : 1652712842698,
      "duration" : 0
    },
    "status" : "passed",
    "steps" : [ ],
    "attachments" : [ ],
    "parameters" : [ ],
    "stepsCount" : 0,
    "hasContent" : false,
    "shouldDisplayMessage" : false,
    "attachmentsCount" : 0
  }, {
    "name" : "setup_fixture",
    "time" : {
      "start" : 1652712842698,
      "stop" : 1652712842698,
      "duration" : 0
    },
    "status" : "passed",
    "steps" : [ ],
    "attachments" : [ ],
    "parameters" : [ ],
    "stepsCount" : 0,
    "hasContent" : false,
    "shouldDisplayMessage" : false,
    "attachmentsCount" : 0
  }, {
    "name" : "login_fixture",
    "time" : {
      "start" : 1652712727823,
      "stop" : 1652712774128,
      "duration" : 46305
    },
    "status" : "passed",
    "steps" : [ ],
    "attachments" : [ ],
    "parameters" : [ ],
    "stepsCount" : 0,
    "hasContent" : false,
    "shouldDisplayMessage" : false,
    "attachmentsCount" : 0
  } ],
  "testStage" : {
    "status" : "broken",
    "statusMessage" : "selenium.common.exceptions.TimeoutException: Message:",
    "statusTrace" : "self = <testcases.testCancelOrder.test_Qcancelorder.TestCancelOrder object at 0x00E27390>\nsetup_fixture = (<businessPage.cancel_order_page.CancelOrder object at 0x00E278F0>, <businessPage.trade_first_page.TradeFirst object a...<businessPage.choice_oder_page.ChoiceOrder object at 0x00E275B0>, <businessPage.order_page.Order object at 0x00E27C10>)\n\n    @pytest.mark.usefixtures('back_fixture')\n    def test_cancel_buy(self,setup_fixture):\n        cancleorder,tradehome,choiceorder,order= setup_fixture\n        # 构造1个买入撤单数据\n>       tradehome.to_trade_page()\n\ntestCancelOrder\\test_Qcancelorder.py:74: \n_ _ _ _ _ _ _ _ _ _ _ _ _ _ _ _ _ _ _ _ _ _ _ _ _ _ _ _ _ _ _ _ _ _ _ _ _ _ _ _\n..\\businessPage\\trade_first_page.py:40: in to_trade_page\n    self.get_clickable_element(self.trade_page,\"交易\")\n..\\common\\common_fun.py:276: in get_clickable_element\n    raise e\n..\\common\\common_fun.py:270: in get_clickable_element\n    ele = WebDriverWait(self.driver,timeout,0.5).until(EC.element_to_be_clickable(loc))\n_ _ _ _ _ _ _ _ _ _ _ _ _ _ _ _ _ _ _ _ _ _ _ _ _ _ _ _ _ _ _ _ _ _ _ _ _ _ _ _\n\nself = <selenium.webdriver.support.wait.WebDriverWait (session=\"3e7e3322-ff2d-4f2a-953a-a52f7e784abd\")>\nmethod = <selenium.webdriver.support.expected_conditions.element_to_be_clickable object at 0x00E27950>\nmessage = ''\n\n    def until(self, method, message=''):\n        \"\"\"Calls the method provided with the driver as an argument until the \\\n        return value is not False.\"\"\"\n        screen = None\n        stacktrace = None\n    \n        end_time = time.time() + self._timeout\n        while True:\n            try:\n                value = method(self._driver)\n                if value:\n                    return value\n            except self._ignored_exceptions as exc:\n                screen = getattr(exc, 'screen', None)\n                stacktrace = getattr(exc, 'stacktrace', None)\n            time.sleep(self._poll)\n            if time.time() > end_time:\n                break\n>       raise TimeoutException(message, screen, stacktrace)\nE       selenium.common.exceptions.TimeoutException: Message:\n\n..\\..\\python\\lib\\site-packages\\selenium\\webdriver\\support\\wait.py:80: TimeoutException",
    "steps" : [ ],
    "attachments" : [ {
      "uid" : "94adb191fc383da1",
      "name" : "log",
      "source" : "94adb191fc383da1.txt",
      "type" : "text/plain",
      "size" : 1253
    } ],
    "parameters" : [ ],
    "stepsCount" : 0,
    "hasContent" : true,
    "shouldDisplayMessage" : true,
    "attachmentsCount" : 1
  },
  "afterStages" : [ {
    "name" : "driver_fixture::0",
    "time" : {
      "start" : 1652713076497,
      "stop" : 1652713076498,
      "duration" : 1
    },
    "status" : "passed",
    "steps" : [ ],
    "attachments" : [ ],
    "parameters" : [ ],
    "stepsCount" : 0,
    "hasContent" : false,
    "shouldDisplayMessage" : false,
    "attachmentsCount" : 0
  }, {
    "name" : "back_fixture::0",
    "time" : {
      "start" : 1652712854163,
      "stop" : 1652712865599,
      "duration" : 11436
    },
    "status" : "broken",
    "statusMessage" : "selenium.common.exceptions.TimeoutException: Message: \n\n",
    "statusTrace" : "  File \"D:\\xiaxy\\python\\lib\\site-packages\\allure_commons\\_allure.py\", line 200, in __call__\n    return self._fixture_function(*args, **kwargs)\n  File \"D:\\xiaxy\\python\\lib\\site-packages\\_pytest\\fixtures.py\", line 941, in _teardown_yield_fixture\n    next(it)\n  File \"D:\\xiaxy\\automation_test2022.4.22\\testcases\\conftest.py\", line 74, in back_fixture\n    com.back()\n  File \"D:\\xiaxy\\automation_test2022.4.22\\common\\common_fun.py\", line 367, in back\n    self.get_clickable_element(self.Back,\"返回\")\n  File \"D:\\xiaxy\\automation_test2022.4.22\\common\\common_fun.py\", line 276, in get_clickable_element\n    raise e\n  File \"D:\\xiaxy\\automation_test2022.4.22\\common\\common_fun.py\", line 270, in get_clickable_element\n    ele = WebDriverWait(self.driver,timeout,0.5).until(EC.element_to_be_clickable(loc))\n  File \"D:\\xiaxy\\python\\lib\\site-packages\\selenium\\webdriver\\support\\wait.py\", line 80, in until\n    raise TimeoutException(message, screen, stacktrace)\n",
    "steps" : [ ],
    "attachments" : [ ],
    "parameters" : [ ],
    "stepsCount" : 0,
    "hasContent" : true,
    "shouldDisplayMessage" : true,
    "attachmentsCount" : 0
  } ],
  "labels" : [ {
    "name" : "tag",
    "value" : "@pytest.mark.usefixtures('back_fixture')"
  }, {
    "name" : "parentSuite",
    "value" : "testCancelOrder"
  }, {
    "name" : "suite",
    "value" : "test_Qcancelorder"
  }, {
    "name" : "subSuite",
    "value" : "TestCancelOrder"
  }, {
    "name" : "host",
    "value" : "Win102021AVUCSJ"
  }, {
    "name" : "thread",
    "value" : "5784-MainThread"
  }, {
    "name" : "framework",
    "value" : "pytest"
  }, {
    "name" : "language",
    "value" : "cpython3"
  }, {
    "name" : "package",
    "value" : "testCancelOrder.test_Qcancelorder"
  }, {
    "name" : "resultFormat",
    "value" : "allure2"
  } ],
  "parameters" : [ ],
  "links" : [ ],
  "hidden" : true,
  "retry" : true,
  "extra" : {
    "categories" : [ ],
    "tags" : [ "@pytest.mark.usefixtures('back_fixture')" ]
  },
  "source" : "ce8ae6b6ce56daca.json",
  "parameterValues" : [ ]
}