{
  "uid" : "ef29768d0646f59f",
  "name" : "test_setxj_defaultDivide_switch",
  "fullName" : "testEntrustSetup.test_Qentrust_setup.TestEntrustSetup#test_setxj_defaultDivide_switch",
  "historyId" : "9bf0eca016257bca0e5c61058de4b674",
  "time" : {
    "start" : 1652795127620,
    "stop" : 1652795130245,
    "duration" : 2625
  },
  "status" : "broken",
  "statusMessage" : "AttributeError: module 'pytest' has no attribute 'assume'",
  "statusTrace" : "self = <testcases.testEntrustSetup.test_Qentrust_setup.TestEntrustSetup object at 0x00768330>\nsetup_fixture = (<businessPage.trade_first_page.TradeFirst object at 0x00768AF0>, <businessPage.entrust_setup_page.Setup object at 0x0...<businessPage.choice_oder_page.ChoiceOrder object at 0x00768E30>, <businessPage.order_page.Order object at 0x007689B0>)\n\n    @pytest.mark.usefixtures('back_fixture')\n    def test_setxj_defaultDivide_switch(self,setup_fixture):\n        tradehome, setup,choiceorder,order = setup_fixture\n        setup.setxj_defaultDivide_switch()\n        xj_defaultDivide_switch_text = setup.el_text(setup.xj_defaultDivide_switch,\"限价拆单开关text\")\n>       pytest.assume(\"开\" in xj_defaultDivide_switch_text)\nE       AttributeError: module 'pytest' has no attribute 'assume'\n\ntestEntrustSetup\\test_Qentrust_setup.py:134: AttributeError",
  "flaky" : false,
  "newFailed" : false,
  "beforeStages" : [ {
    "name" : "driver_fixture",
    "time" : {
      "start" : 1652794360868,
      "stop" : 1652794396581,
      "duration" : 35713
    },
    "status" : "passed",
    "steps" : [ ],
    "attachments" : [ ],
    "parameters" : [ ],
    "stepsCount" : 0,
    "hasContent" : false,
    "shouldDisplayMessage" : false,
    "attachmentsCount" : 0
  }, {
    "name" : "login_fixture",
    "time" : {
      "start" : 1652794396581,
      "stop" : 1652794501486,
      "duration" : 104905
    },
    "status" : "passed",
    "steps" : [ ],
    "attachments" : [ ],
    "parameters" : [ ],
    "stepsCount" : 0,
    "hasContent" : false,
    "shouldDisplayMessage" : false,
    "attachmentsCount" : 0
  }, {
    "name" : "back_fixture",
    "time" : {
      "start" : 1652795124223,
      "stop" : 1652795124223,
      "duration" : 0
    },
    "status" : "passed",
    "steps" : [ ],
    "attachments" : [ ],
    "parameters" : [ ],
    "stepsCount" : 0,
    "hasContent" : false,
    "shouldDisplayMessage" : false,
    "attachmentsCount" : 0
  }, {
    "name" : "setup_fixture",
    "time" : {
      "start" : 1652795124223,
      "stop" : 1652795127619,
      "duration" : 3396
    },
    "status" : "passed",
    "steps" : [ ],
    "attachments" : [ ],
    "parameters" : [ ],
    "stepsCount" : 0,
    "hasContent" : false,
    "shouldDisplayMessage" : false,
    "attachmentsCount" : 0
  } ],
  "testStage" : {
    "status" : "broken",
    "statusMessage" : "AttributeError: module 'pytest' has no attribute 'assume'",
    "statusTrace" : "self = <testcases.testEntrustSetup.test_Qentrust_setup.TestEntrustSetup object at 0x00768330>\nsetup_fixture = (<businessPage.trade_first_page.TradeFirst object at 0x00768AF0>, <businessPage.entrust_setup_page.Setup object at 0x0...<businessPage.choice_oder_page.ChoiceOrder object at 0x00768E30>, <businessPage.order_page.Order object at 0x007689B0>)\n\n    @pytest.mark.usefixtures('back_fixture')\n    def test_setxj_defaultDivide_switch(self,setup_fixture):\n        tradehome, setup,choiceorder,order = setup_fixture\n        setup.setxj_defaultDivide_switch()\n        xj_defaultDivide_switch_text = setup.el_text(setup.xj_defaultDivide_switch,\"限价拆单开关text\")\n>       pytest.assume(\"开\" in xj_defaultDivide_switch_text)\nE       AttributeError: module 'pytest' has no attribute 'assume'\n\ntestEntrustSetup\\test_Qentrust_setup.py:134: AttributeError",
    "steps" : [ ],
    "attachments" : [ {
      "uid" : "c4f9f924a1afd357",
      "name" : "log",
      "source" : "c4f9f924a1afd357.txt",
      "type" : "text/plain",
      "size" : 458
    } ],
    "parameters" : [ ],
    "stepsCount" : 0,
    "hasContent" : true,
    "shouldDisplayMessage" : true,
    "attachmentsCount" : 1
  },
  "afterStages" : [ {
    "name" : "driver_fixture::0",
    "time" : {
      "start" : 1652796124797,
      "stop" : 1652796124797,
      "duration" : 0
    },
    "status" : "passed",
    "steps" : [ ],
    "attachments" : [ ],
    "parameters" : [ ],
    "stepsCount" : 0,
    "hasContent" : false,
    "shouldDisplayMessage" : false,
    "attachmentsCount" : 0
  }, {
    "name" : "back_fixture::0",
    "time" : {
      "start" : 1652795130252,
      "stop" : 1652795130335,
      "duration" : 83
    },
    "status" : "passed",
    "steps" : [ ],
    "attachments" : [ ],
    "parameters" : [ ],
    "stepsCount" : 0,
    "hasContent" : false,
    "shouldDisplayMessage" : false,
    "attachmentsCount" : 0
  } ],
  "labels" : [ {
    "name" : "tag",
    "value" : "@pytest.mark.usefixtures('back_fixture')"
  }, {
    "name" : "parentSuite",
    "value" : "testEntrustSetup"
  }, {
    "name" : "suite",
    "value" : "test_Qentrust_setup"
  }, {
    "name" : "subSuite",
    "value" : "TestEntrustSetup"
  }, {
    "name" : "host",
    "value" : "Win102021AVUCSJ"
  }, {
    "name" : "thread",
    "value" : "10404-MainThread"
  }, {
    "name" : "framework",
    "value" : "pytest"
  }, {
    "name" : "language",
    "value" : "cpython3"
  }, {
    "name" : "package",
    "value" : "testEntrustSetup.test_Qentrust_setup"
  }, {
    "name" : "resultFormat",
    "value" : "allure2"
  } ],
  "parameters" : [ ],
  "links" : [ ],
  "hidden" : false,
  "retry" : false,
  "extra" : {
    "severity" : "normal",
    "retries" : [ {
      "uid" : "d8431f5e24cba3bc",
      "status" : "broken",
      "statusDetails" : "selenium.common.exceptions.WebDriverException: Message: An unknown server-side error occurred while processing the command. Original error: 'GET /screenshot' cannot be proxied to UiAutomator2 server because the instrumentation process is not running (probably crashed). Check the server log and/or the logcat output for more details",
      "time" : {
        "start" : 1652713049211,
        "stop" : 1652713049211,
        "duration" : 0
      }
    }, {
      "uid" : "30952b895c940dc5",
      "status" : "broken",
      "statusDetails" : "selenium.common.exceptions.WebDriverException: Message: An unknown server-side error occurred while processing the command. Original error: 'GET /screenshot' cannot be proxied to UiAutomator2 server because the instrumentation process is not running (probably crashed). Check the server log and/or the logcat output for more details",
      "time" : {
        "start" : 1652712705620,
        "stop" : 1652712705620,
        "duration" : 0
      }
    }, {
      "uid" : "86617c7543f3f374",
      "status" : "broken",
      "statusDetails" : "selenium.common.exceptions.TimeoutException: Message:",
      "time" : {
        "start" : 1652710822394,
        "stop" : 1652710822394,
        "duration" : 0
      }
    }, {
      "uid" : "3ea8265468c7caa5",
      "status" : "broken",
      "statusDetails" : "selenium.common.exceptions.TimeoutException: Message:",
      "time" : {
        "start" : 1652710342285,
        "stop" : 1652710342285,
        "duration" : 0
      }
    }, {
      "uid" : "1dd4b837ae4ea7d1",
      "status" : "broken",
      "statusDetails" : "selenium.common.exceptions.WebDriverException: Message: An unknown server-side error occurred while processing the command. Original error: Could not find a connected Android device in 20093ms.",
      "time" : {
        "start" : 1652710086492,
        "stop" : 1652710086492,
        "duration" : 0
      }
    } ],
    "categories" : [ {
      "name" : "Test defects",
      "matchedStatuses" : [ ],
      "flaky" : false
    } ],
    "tags" : [ "@pytest.mark.usefixtures('back_fixture')" ]
  },
  "source" : "ef29768d0646f59f.json",
  "parameterValues" : [ ]
}